[23-Oct-2023 12:23:33 UTC] PHP Fatal error:  Cannot redeclare disable_parent_menu_link() (previously declared in /Users/michaelsmith/Local Sites/ceri-hand/app/public/wp-content/plugins/disable-parent-menu-link/disable-parent-menu-link.php:13) in /Users/michaelsmith/Local Sites/ceri-hand/app/public/wp-content/themes/Basebuild/functions.php on line 145
[23-Oct-2023 12:23:33 UTC] PHP Warning:  Trying to access array offset on value of type bool in /Users/michaelsmith/Local Sites/ceri-hand/app/public/wp-includes/class-wp-recovery-mode-email-service.php on line 367
[23-Oct-2023 12:23:33 UTC] PHP Warning:  Trying to access array offset on value of type bool in /Users/michaelsmith/Local Sites/ceri-hand/app/public/wp-includes/class-wp-recovery-mode-email-service.php on line 368
[23-Oct-2023 12:23:44 UTC] PHP Fatal error:  Cannot redeclare disable_parent_menu_link() (previously declared in /Users/michaelsmith/Local Sites/ceri-hand/app/public/wp-content/plugins/disable-parent-menu-link/disable-parent-menu-link.php:13) in /Users/michaelsmith/Local Sites/ceri-hand/app/public/wp-content/themes/Basebuild/functions.php on line 145
[23-Oct-2023 12:23:45 UTC] PHP Fatal error:  Cannot redeclare disable_parent_menu_link() (previously declared in /Users/michaelsmith/Local Sites/ceri-hand/app/public/wp-content/plugins/disable-parent-menu-link/disable-parent-menu-link.php:13) in /Users/michaelsmith/Local Sites/ceri-hand/app/public/wp-content/themes/Basebuild/functions.php on line 145
[23-Oct-2023 13:28:21 UTC] PHP Fatal error:  Uncaught Error: Call to undefined function foundationpress_footer_nav2() in /Users/michaelsmith/Local Sites/ceri-hand/app/public/wp-content/themes/Basebuild/footer.php:45
Stack trace:
#0 /Users/michaelsmith/Local Sites/ceri-hand/app/public/wp-includes/template.php(785): require_once()
#1 /Users/michaelsmith/Local Sites/ceri-hand/app/public/wp-includes/template.php(720): load_template('/Users/michaels...', true, Array)
#2 /Users/michaelsmith/Local Sites/ceri-hand/app/public/wp-includes/general-template.php(92): locate_template(Array, true, true, Array)
#3 /Users/michaelsmith/Local Sites/ceri-hand/app/public/wp-content/themes/Basebuild/404.php(29): get_footer()
#4 /Users/michaelsmith/Local Sites/ceri-hand/app/public/wp-includes/template-loader.php(106): include('/Users/michaels...')
#5 /Users/michaelsmith/Local Sites/ceri-hand/app/public/wp-blog-header.php(19): require_once('/Users/michaels...')
#6 /Users/michaelsmith/Local Sites/ceri-hand/app/public/index.php(17): require('/Users/michaels...')
#7 {main}
  thrown in /Users/michaelsmith/Local Sites/ceri-hand/app/public/wp-content/themes/Basebuild/footer.php on line 45
[23-Oct-2023 13:28:21 UTC] PHP Fatal error:  Uncaught Error: Call to undefined function foundationpress_footer_nav2() in /Users/michaelsmith/Local Sites/ceri-hand/app/public/wp-content/themes/Basebuild/footer.php:45
Stack trace:
#0 /Users/michaelsmith/Local Sites/ceri-hand/app/public/wp-includes/template.php(785): require_once()
#1 /Users/michaelsmith/Local Sites/ceri-hand/app/public/wp-includes/template.php(720): load_template('/Users/michaels...', true, Array)
#2 /Users/michaelsmith/Local Sites/ceri-hand/app/public/wp-includes/general-template.php(92): locate_template(Array, true, true, Array)
#3 /Users/michaelsmith/Local Sites/ceri-hand/app/public/wp-content/themes/Basebuild/404.php(29): get_footer()
#4 /Users/michaelsmith/Local Sites/ceri-hand/app/public/wp-includes/template-loader.php(106): include('/Users/michaels...')
#5 /Users/michaelsmith/Local Sites/ceri-hand/app/public/wp-blog-header.php(19): require_once('/Users/michaels...')
#6 /Users/michaelsmith/Local Sites/ceri-hand/app/public/index.php(17): require('/Users/michaels...')
#7 {main}
  thrown in /Users/michaelsmith/Local Sites/ceri-hand/app/public/wp-content/themes/Basebuild/footer.php on line 45
[23-Oct-2023 13:28:27 UTC] PHP Fatal error:  Uncaught Error: Call to undefined function foundationpress_footer_nav2() in /Users/michaelsmith/Local Sites/ceri-hand/app/public/wp-content/themes/Basebuild/footer.php:45
Stack trace:
#0 /Users/michaelsmith/Local Sites/ceri-hand/app/public/wp-includes/template.php(785): require_once()
#1 /Users/michaelsmith/Local Sites/ceri-hand/app/public/wp-includes/template.php(720): load_template('/Users/michaels...', true, Array)
#2 /Users/michaelsmith/Local Sites/ceri-hand/app/public/wp-includes/general-template.php(92): locate_template(Array, true, true, Array)
#3 /Users/michaelsmith/Local Sites/ceri-hand/app/public/wp-content/themes/Basebuild/404.php(29): get_footer()
#4 /Users/michaelsmith/Local Sites/ceri-hand/app/public/wp-includes/template-loader.php(106): include('/Users/michaels...')
#5 /Users/michaelsmith/Local Sites/ceri-hand/app/public/wp-blog-header.php(19): require_once('/Users/michaels...')
#6 /Users/michaelsmith/Local Sites/ceri-hand/app/public/index.php(17): require('/Users/michaels...')
#7 {main}
  thrown in /Users/michaelsmith/Local Sites/ceri-hand/app/public/wp-content/themes/Basebuild/footer.php on line 45
[23-Oct-2023 13:28:27 UTC] PHP Fatal error:  Uncaught Error: Call to undefined function foundationpress_footer_nav2() in /Users/michaelsmith/Local Sites/ceri-hand/app/public/wp-content/themes/Basebuild/footer.php:45
Stack trace:
#0 /Users/michaelsmith/Local Sites/ceri-hand/app/public/wp-includes/template.php(785): require_once()
#1 /Users/michaelsmith/Local Sites/ceri-hand/app/public/wp-includes/template.php(720): load_template('/Users/michaels...', true, Array)
#2 /Users/michaelsmith/Local Sites/ceri-hand/app/public/wp-includes/general-template.php(92): locate_template(Array, true, true, Array)
#3 /Users/michaelsmith/Local Sites/ceri-hand/app/public/wp-content/themes/Basebuild/404.php(29): get_footer()
#4 /Users/michaelsmith/Local Sites/ceri-hand/app/public/wp-includes/template-loader.php(106): include('/Users/michaels...')
#5 /Users/michaelsmith/Local Sites/ceri-hand/app/public/wp-blog-header.php(19): require_once('/Users/michaels...')
#6 /Users/michaelsmith/Local Sites/ceri-hand/app/public/index.php(17): require('/Users/michaels...')
#7 {main}
  thrown in /Users/michaelsmith/Local Sites/ceri-hand/app/public/wp-content/themes/Basebuild/footer.php on line 45
[23-Oct-2023 13:28:29 UTC] PHP Fatal error:  Uncaught Error: Call to undefined function foundationpress_footer_nav2() in /Users/michaelsmith/Local Sites/ceri-hand/app/public/wp-content/themes/Basebuild/footer.php:45
Stack trace:
#0 /Users/michaelsmith/Local Sites/ceri-hand/app/public/wp-includes/template.php(785): require_once()
#1 /Users/michaelsmith/Local Sites/ceri-hand/app/public/wp-includes/template.php(720): load_template('/Users/michaels...', true, Array)
#2 /Users/michaelsmith/Local Sites/ceri-hand/app/public/wp-includes/general-template.php(92): locate_template(Array, true, true, Array)
#3 /Users/michaelsmith/Local Sites/ceri-hand/app/public/wp-content/themes/Basebuild/404.php(29): get_footer()
#4 /Users/michaelsmith/Local Sites/ceri-hand/app/public/wp-includes/template-loader.php(106): include('/Users/michaels...')
#5 /Users/michaelsmith/Local Sites/ceri-hand/app/public/wp-blog-header.php(19): require_once('/Users/michaels...')
#6 /Users/michaelsmith/Local Sites/ceri-hand/app/public/index.php(17): require('/Users/michaels...')
#7 {main}
  thrown in /Users/michaelsmith/Local Sites/ceri-hand/app/public/wp-content/themes/Basebuild/footer.php on line 45
[23-Oct-2023 13:28:29 UTC] PHP Fatal error:  Uncaught Error: Call to undefined function foundationpress_footer_nav2() in /Users/michaelsmith/Local Sites/ceri-hand/app/public/wp-content/themes/Basebuild/footer.php:45
Stack trace:
#0 /Users/michaelsmith/Local Sites/ceri-hand/app/public/wp-includes/template.php(785): require_once()
#1 /Users/michaelsmith/Local Sites/ceri-hand/app/public/wp-includes/template.php(720): load_template('/Users/michaels...', true, Array)
#2 /Users/michaelsmith/Local Sites/ceri-hand/app/public/wp-includes/general-template.php(92): locate_template(Array, true, true, Array)
#3 /Users/michaelsmith/Local Sites/ceri-hand/app/public/wp-content/themes/Basebuild/404.php(29): get_footer()
#4 /Users/michaelsmith/Local Sites/ceri-hand/app/public/wp-includes/template-loader.php(106): include('/Users/michaels...')
#5 /Users/michaelsmith/Local Sites/ceri-hand/app/public/wp-blog-header.php(19): require_once('/Users/michaels...')
#6 /Users/michaelsmith/Local Sites/ceri-hand/app/public/index.php(17): require('/Users/michaels...')
#7 {main}
  thrown in /Users/michaelsmith/Local Sites/ceri-hand/app/public/wp-content/themes/Basebuild/footer.php on line 45
[23-Oct-2023 13:28:35 UTC] PHP Fatal error:  Uncaught Error: Call to undefined function foundationpress_footer_nav2() in /Users/michaelsmith/Local Sites/ceri-hand/app/public/wp-content/themes/Basebuild/footer.php:45
Stack trace:
#0 /Users/michaelsmith/Local Sites/ceri-hand/app/public/wp-includes/template.php(785): require_once()
#1 /Users/michaelsmith/Local Sites/ceri-hand/app/public/wp-includes/template.php(720): load_template('/Users/michaels...', true, Array)
#2 /Users/michaelsmith/Local Sites/ceri-hand/app/public/wp-includes/general-template.php(92): locate_template(Array, true, true, Array)
#3 /Users/michaelsmith/Local Sites/ceri-hand/app/public/wp-content/themes/Basebuild/404.php(29): get_footer()
#4 /Users/michaelsmith/Local Sites/ceri-hand/app/public/wp-includes/template-loader.php(106): include('/Users/michaels...')
#5 /Users/michaelsmith/Local Sites/ceri-hand/app/public/wp-blog-header.php(19): require_once('/Users/michaels...')
#6 /Users/michaelsmith/Local Sites/ceri-hand/app/public/index.php(17): require('/Users/michaels...')
#7 {main}
  thrown in /Users/michaelsmith/Local Sites/ceri-hand/app/public/wp-content/themes/Basebuild/footer.php on line 45
[23-Oct-2023 13:28:35 UTC] PHP Fatal error:  Uncaught Error: Call to undefined function foundationpress_footer_nav2() in /Users/michaelsmith/Local Sites/ceri-hand/app/public/wp-content/themes/Basebuild/footer.php:45
Stack trace:
#0 /Users/michaelsmith/Local Sites/ceri-hand/app/public/wp-includes/template.php(785): require_once()
#1 /Users/michaelsmith/Local Sites/ceri-hand/app/public/wp-includes/template.php(720): load_template('/Users/michaels...', true, Array)
#2 /Users/michaelsmith/Local Sites/ceri-hand/app/public/wp-includes/general-template.php(92): locate_template(Array, true, true, Array)
#3 /Users/michaelsmith/Local Sites/ceri-hand/app/public/wp-content/themes/Basebuild/404.php(29): get_footer()
#4 /Users/michaelsmith/Local Sites/ceri-hand/app/public/wp-includes/template-loader.php(106): include('/Users/michaels...')
#5 /Users/michaelsmith/Local Sites/ceri-hand/app/public/wp-blog-header.php(19): require_once('/Users/michaels...')
#6 /Users/michaelsmith/Local Sites/ceri-hand/app/public/index.php(17): require('/Users/michaels...')
#7 {main}
  thrown in /Users/michaelsmith/Local Sites/ceri-hand/app/public/wp-content/themes/Basebuild/footer.php on line 45
[23-Oct-2023 13:28:52 UTC] PHP Fatal error:  Uncaught Error: Call to undefined function foundationpress_footer_nav2() in /Users/michaelsmith/Local Sites/ceri-hand/app/public/wp-content/themes/Basebuild/footer.php:45
Stack trace:
#0 /Users/michaelsmith/Local Sites/ceri-hand/app/public/wp-includes/template.php(785): require_once()
#1 /Users/michaelsmith/Local Sites/ceri-hand/app/public/wp-includes/template.php(720): load_template('/Users/michaels...', true, Array)
#2 /Users/michaelsmith/Local Sites/ceri-hand/app/public/wp-includes/general-template.php(92): locate_template(Array, true, true, Array)
#3 /Users/michaelsmith/Local Sites/ceri-hand/app/public/wp-content/themes/Basebuild/404.php(29): get_footer()
#4 /Users/michaelsmith/Local Sites/ceri-hand/app/public/wp-includes/template-loader.php(106): include('/Users/michaels...')
#5 /Users/michaelsmith/Local Sites/ceri-hand/app/public/wp-blog-header.php(19): require_once('/Users/michaels...')
#6 /Users/michaelsmith/Local Sites/ceri-hand/app/public/index.php(17): require('/Users/michaels...')
#7 {main}
  thrown in /Users/michaelsmith/Local Sites/ceri-hand/app/public/wp-content/themes/Basebuild/footer.php on line 45
[23-Oct-2023 13:28:52 UTC] PHP Fatal error:  Uncaught Error: Call to undefined function foundationpress_footer_nav2() in /Users/michaelsmith/Local Sites/ceri-hand/app/public/wp-content/themes/Basebuild/footer.php:45
Stack trace:
#0 /Users/michaelsmith/Local Sites/ceri-hand/app/public/wp-includes/template.php(785): require_once()
#1 /Users/michaelsmith/Local Sites/ceri-hand/app/public/wp-includes/template.php(720): load_template('/Users/michaels...', true, Array)
#2 /Users/michaelsmith/Local Sites/ceri-hand/app/public/wp-includes/general-template.php(92): locate_template(Array, true, true, Array)
#3 /Users/michaelsmith/Local Sites/ceri-hand/app/public/wp-content/themes/Basebuild/404.php(29): get_footer()
#4 /Users/michaelsmith/Local Sites/ceri-hand/app/public/wp-includes/template-loader.php(106): include('/Users/michaels...')
#5 /Users/michaelsmith/Local Sites/ceri-hand/app/public/wp-blog-header.php(19): require_once('/Users/michaels...')
#6 /Users/michaelsmith/Local Sites/ceri-hand/app/public/index.php(17): require('/Users/michaels...')
#7 {main}
  thrown in /Users/michaelsmith/Local Sites/ceri-hand/app/public/wp-content/themes/Basebuild/footer.php on line 45
[23-Oct-2023 13:28:59 UTC] PHP Fatal error:  Uncaught Error: Call to undefined function foundationpress_footer_nav2() in /Users/michaelsmith/Local Sites/ceri-hand/app/public/wp-content/themes/Basebuild/footer.php:45
Stack trace:
#0 /Users/michaelsmith/Local Sites/ceri-hand/app/public/wp-includes/template.php(785): require_once()
#1 /Users/michaelsmith/Local Sites/ceri-hand/app/public/wp-includes/template.php(720): load_template('/Users/michaels...', true, Array)
#2 /Users/michaelsmith/Local Sites/ceri-hand/app/public/wp-includes/general-template.php(92): locate_template(Array, true, true, Array)
#3 /Users/michaelsmith/Local Sites/ceri-hand/app/public/wp-content/themes/Basebuild/404.php(29): get_footer()
#4 /Users/michaelsmith/Local Sites/ceri-hand/app/public/wp-includes/template-loader.php(106): include('/Users/michaels...')
#5 /Users/michaelsmith/Local Sites/ceri-hand/app/public/wp-blog-header.php(19): require_once('/Users/michaels...')
#6 /Users/michaelsmith/Local Sites/ceri-hand/app/public/index.php(17): require('/Users/michaels...')
#7 {main}
  thrown in /Users/michaelsmith/Local Sites/ceri-hand/app/public/wp-content/themes/Basebuild/footer.php on line 45
[23-Oct-2023 13:28:59 UTC] PHP Fatal error:  Uncaught Error: Call to undefined function foundationpress_footer_nav2() in /Users/michaelsmith/Local Sites/ceri-hand/app/public/wp-content/themes/Basebuild/footer.php:45
Stack trace:
#0 /Users/michaelsmith/Local Sites/ceri-hand/app/public/wp-includes/template.php(785): require_once()
#1 /Users/michaelsmith/Local Sites/ceri-hand/app/public/wp-includes/template.php(720): load_template('/Users/michaels...', true, Array)
#2 /Users/michaelsmith/Local Sites/ceri-hand/app/public/wp-includes/general-template.php(92): locate_template(Array, true, true, Array)
#3 /Users/michaelsmith/Local Sites/ceri-hand/app/public/wp-content/themes/Basebuild/404.php(29): get_footer()
#4 /Users/michaelsmith/Local Sites/ceri-hand/app/public/wp-includes/template-loader.php(106): include('/Users/michaels...')
#5 /Users/michaelsmith/Local Sites/ceri-hand/app/public/wp-blog-header.php(19): require_once('/Users/michaels...')
#6 /Users/michaelsmith/Local Sites/ceri-hand/app/public/index.php(17): require('/Users/michaels...')
#7 {main}
  thrown in /Users/michaelsmith/Local Sites/ceri-hand/app/public/wp-content/themes/Basebuild/footer.php on line 45
[23-Oct-2023 13:29:05 UTC] PHP Fatal error:  Uncaught Error: Call to undefined function foundationpress_footer_nav2() in /Users/michaelsmith/Local Sites/ceri-hand/app/public/wp-content/themes/Basebuild/footer.php:45
Stack trace:
#0 /Users/michaelsmith/Local Sites/ceri-hand/app/public/wp-includes/template.php(785): require_once()
#1 /Users/michaelsmith/Local Sites/ceri-hand/app/public/wp-includes/template.php(720): load_template('/Users/michaels...', true, Array)
#2 /Users/michaelsmith/Local Sites/ceri-hand/app/public/wp-includes/general-template.php(92): locate_template(Array, true, true, Array)
#3 /Users/michaelsmith/Local Sites/ceri-hand/app/public/wp-content/themes/Basebuild/404.php(29): get_footer()
#4 /Users/michaelsmith/Local Sites/ceri-hand/app/public/wp-includes/template-loader.php(106): include('/Users/michaels...')
#5 /Users/michaelsmith/Local Sites/ceri-hand/app/public/wp-blog-header.php(19): require_once('/Users/michaels...')
#6 /Users/michaelsmith/Local Sites/ceri-hand/app/public/index.php(17): require('/Users/michaels...')
#7 {main}
  thrown in /Users/michaelsmith/Local Sites/ceri-hand/app/public/wp-content/themes/Basebuild/footer.php on line 45
[23-Oct-2023 13:29:05 UTC] PHP Fatal error:  Uncaught Error: Call to undefined function foundationpress_footer_nav2() in /Users/michaelsmith/Local Sites/ceri-hand/app/public/wp-content/themes/Basebuild/footer.php:45
Stack trace:
#0 /Users/michaelsmith/Local Sites/ceri-hand/app/public/wp-includes/template.php(785): require_once()
#1 /Users/michaelsmith/Local Sites/ceri-hand/app/public/wp-includes/template.php(720): load_template('/Users/michaels...', true, Array)
#2 /Users/michaelsmith/Local Sites/ceri-hand/app/public/wp-includes/general-template.php(92): locate_template(Array, true, true, Array)
#3 /Users/michaelsmith/Local Sites/ceri-hand/app/public/wp-content/themes/Basebuild/404.php(29): get_footer()
#4 /Users/michaelsmith/Local Sites/ceri-hand/app/public/wp-includes/template-loader.php(106): include('/Users/michaels...')
#5 /Users/michaelsmith/Local Sites/ceri-hand/app/public/wp-blog-header.php(19): require_once('/Users/michaels...')
#6 /Users/michaelsmith/Local Sites/ceri-hand/app/public/index.php(17): require('/Users/michaels...')
#7 {main}
  thrown in /Users/michaelsmith/Local Sites/ceri-hand/app/public/wp-content/themes/Basebuild/footer.php on line 45
[23-Oct-2023 13:29:11 UTC] PHP Fatal error:  Uncaught Error: Call to undefined function foundationpress_footer_nav2() in /Users/michaelsmith/Local Sites/ceri-hand/app/public/wp-content/themes/Basebuild/footer.php:45
Stack trace:
#0 /Users/michaelsmith/Local Sites/ceri-hand/app/public/wp-includes/template.php(785): require_once()
#1 /Users/michaelsmith/Local Sites/ceri-hand/app/public/wp-includes/template.php(720): load_template('/Users/michaels...', true, Array)
#2 /Users/michaelsmith/Local Sites/ceri-hand/app/public/wp-includes/general-template.php(92): locate_template(Array, true, true, Array)
#3 /Users/michaelsmith/Local Sites/ceri-hand/app/public/wp-content/themes/Basebuild/404.php(29): get_footer()
#4 /Users/michaelsmith/Local Sites/ceri-hand/app/public/wp-includes/template-loader.php(106): include('/Users/michaels...')
#5 /Users/michaelsmith/Local Sites/ceri-hand/app/public/wp-blog-header.php(19): require_once('/Users/michaels...')
#6 /Users/michaelsmith/Local Sites/ceri-hand/app/public/index.php(17): require('/Users/michaels...')
#7 {main}
  thrown in /Users/michaelsmith/Local Sites/ceri-hand/app/public/wp-content/themes/Basebuild/footer.php on line 45
[23-Oct-2023 13:29:11 UTC] PHP Fatal error:  Uncaught Error: Call to undefined function foundationpress_footer_nav2() in /Users/michaelsmith/Local Sites/ceri-hand/app/public/wp-content/themes/Basebuild/footer.php:45
Stack trace:
#0 /Users/michaelsmith/Local Sites/ceri-hand/app/public/wp-includes/template.php(785): require_once()
#1 /Users/michaelsmith/Local Sites/ceri-hand/app/public/wp-includes/template.php(720): load_template('/Users/michaels...', true, Array)
#2 /Users/michaelsmith/Local Sites/ceri-hand/app/public/wp-includes/general-template.php(92): locate_template(Array, true, true, Array)
#3 /Users/michaelsmith/Local Sites/ceri-hand/app/public/wp-content/themes/Basebuild/404.php(29): get_footer()
#4 /Users/michaelsmith/Local Sites/ceri-hand/app/public/wp-includes/template-loader.php(106): include('/Users/michaels...')
#5 /Users/michaelsmith/Local Sites/ceri-hand/app/public/wp-blog-header.php(19): require_once('/Users/michaels...')
#6 /Users/michaelsmith/Local Sites/ceri-hand/app/public/index.php(17): require('/Users/michaels...')
#7 {main}
  thrown in /Users/michaelsmith/Local Sites/ceri-hand/app/public/wp-content/themes/Basebuild/footer.php on line 45
[23-Oct-2023 13:29:18 UTC] PHP Fatal error:  Uncaught Error: Call to undefined function foundationpress_footer_nav2() in /Users/michaelsmith/Local Sites/ceri-hand/app/public/wp-content/themes/Basebuild/footer.php:45
Stack trace:
#0 /Users/michaelsmith/Local Sites/ceri-hand/app/public/wp-includes/template.php(785): require_once()
#1 /Users/michaelsmith/Local Sites/ceri-hand/app/public/wp-includes/template.php(720): load_template('/Users/michaels...', true, Array)
#2 /Users/michaelsmith/Local Sites/ceri-hand/app/public/wp-includes/general-template.php(92): locate_template(Array, true, true, Array)
#3 /Users/michaelsmith/Local Sites/ceri-hand/app/public/wp-content/themes/Basebuild/404.php(29): get_footer()
#4 /Users/michaelsmith/Local Sites/ceri-hand/app/public/wp-includes/template-loader.php(106): include('/Users/michaels...')
#5 /Users/michaelsmith/Local Sites/ceri-hand/app/public/wp-blog-header.php(19): require_once('/Users/michaels...')
#6 /Users/michaelsmith/Local Sites/ceri-hand/app/public/index.php(17): require('/Users/michaels...')
#7 {main}
  thrown in /Users/michaelsmith/Local Sites/ceri-hand/app/public/wp-content/themes/Basebuild/footer.php on line 45
[23-Oct-2023 13:29:18 UTC] PHP Fatal error:  Uncaught Error: Call to undefined function foundationpress_footer_nav2() in /Users/michaelsmith/Local Sites/ceri-hand/app/public/wp-content/themes/Basebuild/footer.php:45
Stack trace:
#0 /Users/michaelsmith/Local Sites/ceri-hand/app/public/wp-includes/template.php(785): require_once()
#1 /Users/michaelsmith/Local Sites/ceri-hand/app/public/wp-includes/template.php(720): load_template('/Users/michaels...', true, Array)
#2 /Users/michaelsmith/Local Sites/ceri-hand/app/public/wp-includes/general-template.php(92): locate_template(Array, true, true, Array)
#3 /Users/michaelsmith/Local Sites/ceri-hand/app/public/wp-content/themes/Basebuild/404.php(29): get_footer()
#4 /Users/michaelsmith/Local Sites/ceri-hand/app/public/wp-includes/template-loader.php(106): include('/Users/michaels...')
#5 /Users/michaelsmith/Local Sites/ceri-hand/app/public/wp-blog-header.php(19): require_once('/Users/michaels...')
#6 /Users/michaelsmith/Local Sites/ceri-hand/app/public/index.php(17): require('/Users/michaels...')
#7 {main}
  thrown in /Users/michaelsmith/Local Sites/ceri-hand/app/public/wp-content/themes/Basebuild/footer.php on line 45
[23-Oct-2023 13:29:22 UTC] PHP Fatal error:  Uncaught Error: Call to undefined function foundationpress_footer_nav2() in /Users/michaelsmith/Local Sites/ceri-hand/app/public/wp-content/themes/Basebuild/footer.php:45
Stack trace:
#0 /Users/michaelsmith/Local Sites/ceri-hand/app/public/wp-includes/template.php(785): require_once()
#1 /Users/michaelsmith/Local Sites/ceri-hand/app/public/wp-includes/template.php(720): load_template('/Users/michaels...', true, Array)
#2 /Users/michaelsmith/Local Sites/ceri-hand/app/public/wp-includes/general-template.php(92): locate_template(Array, true, true, Array)
#3 /Users/michaelsmith/Local Sites/ceri-hand/app/public/wp-content/themes/Basebuild/404.php(29): get_footer()
#4 /Users/michaelsmith/Local Sites/ceri-hand/app/public/wp-includes/template-loader.php(106): include('/Users/michaels...')
#5 /Users/michaelsmith/Local Sites/ceri-hand/app/public/wp-blog-header.php(19): require_once('/Users/michaels...')
#6 /Users/michaelsmith/Local Sites/ceri-hand/app/public/index.php(17): require('/Users/michaels...')
#7 {main}
  thrown in /Users/michaelsmith/Local Sites/ceri-hand/app/public/wp-content/themes/Basebuild/footer.php on line 45
[23-Oct-2023 13:29:22 UTC] PHP Fatal error:  Uncaught Error: Call to undefined function foundationpress_footer_nav2() in /Users/michaelsmith/Local Sites/ceri-hand/app/public/wp-content/themes/Basebuild/footer.php:45
Stack trace:
#0 /Users/michaelsmith/Local Sites/ceri-hand/app/public/wp-includes/template.php(785): require_once()
#1 /Users/michaelsmith/Local Sites/ceri-hand/app/public/wp-includes/template.php(720): load_template('/Users/michaels...', true, Array)
#2 /Users/michaelsmith/Local Sites/ceri-hand/app/public/wp-includes/general-template.php(92): locate_template(Array, true, true, Array)
#3 /Users/michaelsmith/Local Sites/ceri-hand/app/public/wp-content/themes/Basebuild/404.php(29): get_footer()
#4 /Users/michaelsmith/Local Sites/ceri-hand/app/public/wp-includes/template-loader.php(106): include('/Users/michaels...')
#5 /Users/michaelsmith/Local Sites/ceri-hand/app/public/wp-blog-header.php(19): require_once('/Users/michaels...')
#6 /Users/michaelsmith/Local Sites/ceri-hand/app/public/index.php(17): require('/Users/michaels...')
#7 {main}
  thrown in /Users/michaelsmith/Local Sites/ceri-hand/app/public/wp-content/themes/Basebuild/footer.php on line 45
[23-Oct-2023 13:29:27 UTC] PHP Fatal error:  Uncaught Error: Call to undefined function foundationpress_footer_nav2() in /Users/michaelsmith/Local Sites/ceri-hand/app/public/wp-content/themes/Basebuild/footer.php:45
Stack trace:
#0 /Users/michaelsmith/Local Sites/ceri-hand/app/public/wp-includes/template.php(785): require_once()
#1 /Users/michaelsmith/Local Sites/ceri-hand/app/public/wp-includes/template.php(720): load_template('/Users/michaels...', true, Array)
#2 /Users/michaelsmith/Local Sites/ceri-hand/app/public/wp-includes/general-template.php(92): locate_template(Array, true, true, Array)
#3 /Users/michaelsmith/Local Sites/ceri-hand/app/public/wp-content/themes/Basebuild/404.php(29): get_footer()
#4 /Users/michaelsmith/Local Sites/ceri-hand/app/public/wp-includes/template-loader.php(106): include('/Users/michaels...')
#5 /Users/michaelsmith/Local Sites/ceri-hand/app/public/wp-blog-header.php(19): require_once('/Users/michaels...')
#6 /Users/michaelsmith/Local Sites/ceri-hand/app/public/index.php(17): require('/Users/michaels...')
#7 {main}
  thrown in /Users/michaelsmith/Local Sites/ceri-hand/app/public/wp-content/themes/Basebuild/footer.php on line 45
[23-Oct-2023 13:29:27 UTC] PHP Fatal error:  Uncaught Error: Call to undefined function foundationpress_footer_nav2() in /Users/michaelsmith/Local Sites/ceri-hand/app/public/wp-content/themes/Basebuild/footer.php:45
Stack trace:
#0 /Users/michaelsmith/Local Sites/ceri-hand/app/public/wp-includes/template.php(785): require_once()
#1 /Users/michaelsmith/Local Sites/ceri-hand/app/public/wp-includes/template.php(720): load_template('/Users/michaels...', true, Array)
#2 /Users/michaelsmith/Local Sites/ceri-hand/app/public/wp-includes/general-template.php(92): locate_template(Array, true, true, Array)
#3 /Users/michaelsmith/Local Sites/ceri-hand/app/public/wp-content/themes/Basebuild/404.php(29): get_footer()
#4 /Users/michaelsmith/Local Sites/ceri-hand/app/public/wp-includes/template-loader.php(106): include('/Users/michaels...')
#5 /Users/michaelsmith/Local Sites/ceri-hand/app/public/wp-blog-header.php(19): require_once('/Users/michaels...')
#6 /Users/michaelsmith/Local Sites/ceri-hand/app/public/index.php(17): require('/Users/michaels...')
#7 {main}
  thrown in /Users/michaelsmith/Local Sites/ceri-hand/app/public/wp-content/themes/Basebuild/footer.php on line 45
[23-Oct-2023 13:29:33 UTC] PHP Fatal error:  Uncaught Error: Call to undefined function foundationpress_footer_nav2() in /Users/michaelsmith/Local Sites/ceri-hand/app/public/wp-content/themes/Basebuild/footer.php:45
Stack trace:
#0 /Users/michaelsmith/Local Sites/ceri-hand/app/public/wp-includes/template.php(785): require_once()
#1 /Users/michaelsmith/Local Sites/ceri-hand/app/public/wp-includes/template.php(720): load_template('/Users/michaels...', true, Array)
#2 /Users/michaelsmith/Local Sites/ceri-hand/app/public/wp-includes/general-template.php(92): locate_template(Array, true, true, Array)
#3 /Users/michaelsmith/Local Sites/ceri-hand/app/public/wp-content/themes/Basebuild/404.php(29): get_footer()
#4 /Users/michaelsmith/Local Sites/ceri-hand/app/public/wp-includes/template-loader.php(106): include('/Users/michaels...')
#5 /Users/michaelsmith/Local Sites/ceri-hand/app/public/wp-blog-header.php(19): require_once('/Users/michaels...')
#6 /Users/michaelsmith/Local Sites/ceri-hand/app/public/index.php(17): require('/Users/michaels...')
#7 {main}
  thrown in /Users/michaelsmith/Local Sites/ceri-hand/app/public/wp-content/themes/Basebuild/footer.php on line 45
[23-Oct-2023 13:29:33 UTC] PHP Fatal error:  Uncaught Error: Call to undefined function foundationpress_footer_nav2() in /Users/michaelsmith/Local Sites/ceri-hand/app/public/wp-content/themes/Basebuild/footer.php:45
Stack trace:
#0 /Users/michaelsmith/Local Sites/ceri-hand/app/public/wp-includes/template.php(785): require_once()
#1 /Users/michaelsmith/Local Sites/ceri-hand/app/public/wp-includes/template.php(720): load_template('/Users/michaels...', true, Array)
#2 /Users/michaelsmith/Local Sites/ceri-hand/app/public/wp-includes/general-template.php(92): locate_template(Array, true, true, Array)
#3 /Users/michaelsmith/Local Sites/ceri-hand/app/public/wp-content/themes/Basebuild/404.php(29): get_footer()
#4 /Users/michaelsmith/Local Sites/ceri-hand/app/public/wp-includes/template-loader.php(106): include('/Users/michaels...')
#5 /Users/michaelsmith/Local Sites/ceri-hand/app/public/wp-blog-header.php(19): require_once('/Users/michaels...')
#6 /Users/michaelsmith/Local Sites/ceri-hand/app/public/index.php(17): require('/Users/michaels...')
#7 {main}
  thrown in /Users/michaelsmith/Local Sites/ceri-hand/app/public/wp-content/themes/Basebuild/footer.php on line 45
[23-Oct-2023 14:04:35 UTC] PHP Fatal error:  Uncaught Error: Call to undefined function foundationpress_footer_nav2() in /Users/michaelsmith/Local Sites/ceri-hand/app/public/wp-content/themes/Basebuild/footer.php:45
Stack trace:
#0 /Users/michaelsmith/Local Sites/ceri-hand/app/public/wp-includes/template.php(785): require_once()
#1 /Users/michaelsmith/Local Sites/ceri-hand/app/public/wp-includes/template.php(720): load_template('/Users/michaels...', true, Array)
#2 /Users/michaelsmith/Local Sites/ceri-hand/app/public/wp-includes/general-template.php(92): locate_template(Array, true, true, Array)
#3 /Users/michaelsmith/Local Sites/ceri-hand/app/public/wp-content/themes/Basebuild/index.php(31): get_footer()
#4 /Users/michaelsmith/Local Sites/ceri-hand/app/public/wp-includes/template-loader.php(106): include('/Users/michaels...')
#5 /Users/michaelsmith/Local Sites/ceri-hand/app/public/wp-blog-header.php(19): require_once('/Users/michaels...')
#6 /Users/michaelsmith/Local Sites/ceri-hand/app/public/index.php(17): require('/Users/michaels...')
#7 {main}
  thrown in /Users/michaelsmith/Local Sites/ceri-hand/app/public/wp-content/themes/Basebuild/footer.php on line 45
[23-Oct-2023 14:04:35 UTC] PHP Fatal error:  Uncaught Error: Call to undefined function foundationpress_footer_nav2() in /Users/michaelsmith/Local Sites/ceri-hand/app/public/wp-content/themes/Basebuild/footer.php:45
Stack trace:
#0 /Users/michaelsmith/Local Sites/ceri-hand/app/public/wp-includes/template.php(785): require_once()
#1 /Users/michaelsmith/Local Sites/ceri-hand/app/public/wp-includes/template.php(720): load_template('/Users/michaels...', true, Array)
#2 /Users/michaelsmith/Local Sites/ceri-hand/app/public/wp-includes/general-template.php(92): locate_template(Array, true, true, Array)
#3 /Users/michaelsmith/Local Sites/ceri-hand/app/public/wp-content/themes/Basebuild/404.php(29): get_footer()
#4 /Users/michaelsmith/Local Sites/ceri-hand/app/public/wp-includes/template-loader.php(106): include('/Users/michaels...')
#5 /Users/michaelsmith/Local Sites/ceri-hand/app/public/wp-blog-header.php(19): require_once('/Users/michaels...')
#6 /Users/michaelsmith/Local Sites/ceri-hand/app/public/index.php(17): require('/Users/michaels...')
#7 {main}
  thrown in /Users/michaelsmith/Local Sites/ceri-hand/app/public/wp-content/themes/Basebuild/footer.php on line 45
[23-Oct-2023 14:04:35 UTC] PHP Fatal error:  Uncaught Error: Call to undefined function foundationpress_footer_nav2() in /Users/michaelsmith/Local Sites/ceri-hand/app/public/wp-content/themes/Basebuild/footer.php:45
Stack trace:
#0 /Users/michaelsmith/Local Sites/ceri-hand/app/public/wp-includes/template.php(785): require_once()
#1 /Users/michaelsmith/Local Sites/ceri-hand/app/public/wp-includes/template.php(720): load_template('/Users/michaels...', true, Array)
#2 /Users/michaelsmith/Local Sites/ceri-hand/app/public/wp-includes/general-template.php(92): locate_template(Array, true, true, Array)
#3 /Users/michaelsmith/Local Sites/ceri-hand/app/public/wp-content/themes/Basebuild/404.php(29): get_footer()
#4 /Users/michaelsmith/Local Sites/ceri-hand/app/public/wp-includes/template-loader.php(106): include('/Users/michaels...')
#5 /Users/michaelsmith/Local Sites/ceri-hand/app/public/wp-blog-header.php(19): require_once('/Users/michaels...')
#6 /Users/michaelsmith/Local Sites/ceri-hand/app/public/index.php(17): require('/Users/michaels...')
#7 {main}
  thrown in /Users/michaelsmith/Local Sites/ceri-hand/app/public/wp-content/themes/Basebuild/footer.php on line 45
[23-Oct-2023 14:05:34 UTC] PHP Fatal error:  Uncaught Error: Call to undefined function foundationpress_footer_nav2() in /Users/michaelsmith/Local Sites/ceri-hand/app/public/wp-content/themes/Basebuild/footer.php:45
Stack trace:
#0 /Users/michaelsmith/Local Sites/ceri-hand/app/public/wp-includes/template.php(785): require_once()
#1 /Users/michaelsmith/Local Sites/ceri-hand/app/public/wp-includes/template.php(720): load_template('/Users/michaels...', true, Array)
#2 /Users/michaelsmith/Local Sites/ceri-hand/app/public/wp-includes/general-template.php(92): locate_template(Array, true, true, Array)
#3 /Users/michaelsmith/Local Sites/ceri-hand/app/public/wp-content/themes/Basebuild/404.php(29): get_footer()
#4 /Users/michaelsmith/Local Sites/ceri-hand/app/public/wp-includes/template-loader.php(106): include('/Users/michaels...')
#5 /Users/michaelsmith/Local Sites/ceri-hand/app/public/wp-blog-header.php(19): require_once('/Users/michaels...')
#6 /Users/michaelsmith/Local Sites/ceri-hand/app/public/index.php(17): require('/Users/michaels...')
#7 {main}
  thrown in /Users/michaelsmith/Local Sites/ceri-hand/app/public/wp-content/themes/Basebuild/footer.php on line 45
[23-Oct-2023 14:05:34 UTC] PHP Fatal error:  Uncaught Error: Call to undefined function foundationpress_footer_nav2() in /Users/michaelsmith/Local Sites/ceri-hand/app/public/wp-content/themes/Basebuild/footer.php:45
Stack trace:
#0 /Users/michaelsmith/Local Sites/ceri-hand/app/public/wp-includes/template.php(785): require_once()
#1 /Users/michaelsmith/Local Sites/ceri-hand/app/public/wp-includes/template.php(720): load_template('/Users/michaels...', true, Array)
#2 /Users/michaelsmith/Local Sites/ceri-hand/app/public/wp-includes/general-template.php(92): locate_template(Array, true, true, Array)
#3 /Users/michaelsmith/Local Sites/ceri-hand/app/public/wp-content/themes/Basebuild/404.php(29): get_footer()
#4 /Users/michaelsmith/Local Sites/ceri-hand/app/public/wp-includes/template-loader.php(106): include('/Users/michaels...')
#5 /Users/michaelsmith/Local Sites/ceri-hand/app/public/wp-blog-header.php(19): require_once('/Users/michaels...')
#6 /Users/michaelsmith/Local Sites/ceri-hand/app/public/index.php(17): require('/Users/michaels...')
#7 {main}
  thrown in /Users/michaelsmith/Local Sites/ceri-hand/app/public/wp-content/themes/Basebuild/footer.php on line 45
[23-Oct-2023 14:05:38 UTC] PHP Fatal error:  Uncaught Error: Call to undefined function foundationpress_footer_nav2() in /Users/michaelsmith/Local Sites/ceri-hand/app/public/wp-content/themes/Basebuild/footer.php:45
Stack trace:
#0 /Users/michaelsmith/Local Sites/ceri-hand/app/public/wp-includes/template.php(785): require_once()
#1 /Users/michaelsmith/Local Sites/ceri-hand/app/public/wp-includes/template.php(720): load_template('/Users/michaels...', true, Array)
#2 /Users/michaelsmith/Local Sites/ceri-hand/app/public/wp-includes/general-template.php(92): locate_template(Array, true, true, Array)
#3 /Users/michaelsmith/Local Sites/ceri-hand/app/public/wp-content/themes/Basebuild/404.php(29): get_footer()
#4 /Users/michaelsmith/Local Sites/ceri-hand/app/public/wp-includes/template-loader.php(106): include('/Users/michaels...')
#5 /Users/michaelsmith/Local Sites/ceri-hand/app/public/wp-blog-header.php(19): require_once('/Users/michaels...')
#6 /Users/michaelsmith/Local Sites/ceri-hand/app/public/index.php(17): require('/Users/michaels...')
#7 {main}
  thrown in /Users/michaelsmith/Local Sites/ceri-hand/app/public/wp-content/themes/Basebuild/footer.php on line 45
[23-Oct-2023 14:05:38 UTC] PHP Fatal error:  Uncaught Error: Call to undefined function foundationpress_footer_nav2() in /Users/michaelsmith/Local Sites/ceri-hand/app/public/wp-content/themes/Basebuild/footer.php:45
Stack trace:
#0 /Users/michaelsmith/Local Sites/ceri-hand/app/public/wp-includes/template.php(785): require_once()
#1 /Users/michaelsmith/Local Sites/ceri-hand/app/public/wp-includes/template.php(720): load_template('/Users/michaels...', true, Array)
#2 /Users/michaelsmith/Local Sites/ceri-hand/app/public/wp-includes/general-template.php(92): locate_template(Array, true, true, Array)
#3 /Users/michaelsmith/Local Sites/ceri-hand/app/public/wp-content/themes/Basebuild/404.php(29): get_footer()
#4 /Users/michaelsmith/Local Sites/ceri-hand/app/public/wp-includes/template-loader.php(106): include('/Users/michaels...')
#5 /Users/michaelsmith/Local Sites/ceri-hand/app/public/wp-blog-header.php(19): require_once('/Users/michaels...')
#6 /Users/michaelsmith/Local Sites/ceri-hand/app/public/index.php(17): require('/Users/michaels...')
#7 {main}
  thrown in /Users/michaelsmith/Local Sites/ceri-hand/app/public/wp-content/themes/Basebuild/footer.php on line 45
[23-Oct-2023 14:05:52 UTC] PHP Fatal error:  Uncaught Error: Call to undefined function foundationpress_footer_nav2() in /Users/michaelsmith/Local Sites/ceri-hand/app/public/wp-content/themes/Basebuild/footer.php:45
Stack trace:
#0 /Users/michaelsmith/Local Sites/ceri-hand/app/public/wp-includes/template.php(785): require_once()
#1 /Users/michaelsmith/Local Sites/ceri-hand/app/public/wp-includes/template.php(720): load_template('/Users/michaels...', true, Array)
#2 /Users/michaelsmith/Local Sites/ceri-hand/app/public/wp-includes/general-template.php(92): locate_template(Array, true, true, Array)
#3 /Users/michaelsmith/Local Sites/ceri-hand/app/public/wp-content/themes/Basebuild/page.php(26): get_footer()
#4 /Users/michaelsmith/Local Sites/ceri-hand/app/public/wp-includes/template-loader.php(106): include('/Users/michaels...')
#5 /Users/michaelsmith/Local Sites/ceri-hand/app/public/wp-blog-header.php(19): require_once('/Users/michaels...')
#6 /Users/michaelsmith/Local Sites/ceri-hand/app/public/index.php(17): require('/Users/michaels...')
#7 {main}
  thrown in /Users/michaelsmith/Local Sites/ceri-hand/app/public/wp-content/themes/Basebuild/footer.php on line 45
[23-Oct-2023 14:05:52 UTC] PHP Fatal error:  Uncaught Error: Call to undefined function foundationpress_footer_nav2() in /Users/michaelsmith/Local Sites/ceri-hand/app/public/wp-content/themes/Basebuild/footer.php:45
Stack trace:
#0 /Users/michaelsmith/Local Sites/ceri-hand/app/public/wp-includes/template.php(785): require_once()
#1 /Users/michaelsmith/Local Sites/ceri-hand/app/public/wp-includes/template.php(720): load_template('/Users/michaels...', true, Array)
#2 /Users/michaelsmith/Local Sites/ceri-hand/app/public/wp-includes/general-template.php(92): locate_template(Array, true, true, Array)
#3 /Users/michaelsmith/Local Sites/ceri-hand/app/public/wp-content/themes/Basebuild/404.php(29): get_footer()
#4 /Users/michaelsmith/Local Sites/ceri-hand/app/public/wp-includes/template-loader.php(106): include('/Users/michaels...')
#5 /Users/michaelsmith/Local Sites/ceri-hand/app/public/wp-blog-header.php(19): require_once('/Users/michaels...')
#6 /Users/michaelsmith/Local Sites/ceri-hand/app/public/index.php(17): require('/Users/michaels...')
#7 {main}
  thrown in /Users/michaelsmith/Local Sites/ceri-hand/app/public/wp-content/themes/Basebuild/footer.php on line 45
[23-Oct-2023 14:05:52 UTC] PHP Fatal error:  Uncaught Error: Call to undefined function foundationpress_footer_nav2() in /Users/michaelsmith/Local Sites/ceri-hand/app/public/wp-content/themes/Basebuild/footer.php:45
Stack trace:
#0 /Users/michaelsmith/Local Sites/ceri-hand/app/public/wp-includes/template.php(785): require_once()
#1 /Users/michaelsmith/Local Sites/ceri-hand/app/public/wp-includes/template.php(720): load_template('/Users/michaels...', true, Array)
#2 /Users/michaelsmith/Local Sites/ceri-hand/app/public/wp-includes/general-template.php(92): locate_template(Array, true, true, Array)
#3 /Users/michaelsmith/Local Sites/ceri-hand/app/public/wp-content/themes/Basebuild/404.php(29): get_footer()
#4 /Users/michaelsmith/Local Sites/ceri-hand/app/public/wp-includes/template-loader.php(106): include('/Users/michaels...')
#5 /Users/michaelsmith/Local Sites/ceri-hand/app/public/wp-blog-header.php(19): require_once('/Users/michaels...')
#6 /Users/michaelsmith/Local Sites/ceri-hand/app/public/index.php(17): require('/Users/michaels...')
#7 {main}
  thrown in /Users/michaelsmith/Local Sites/ceri-hand/app/public/wp-content/themes/Basebuild/footer.php on line 45
[23-Oct-2023 14:06:47 UTC] PHP Fatal error:  Uncaught Error: Call to undefined function foundationpress_footer_nav2() in /Users/michaelsmith/Local Sites/ceri-hand/app/public/wp-content/themes/Basebuild/footer.php:45
Stack trace:
#0 /Users/michaelsmith/Local Sites/ceri-hand/app/public/wp-includes/template.php(785): require_once()
#1 /Users/michaelsmith/Local Sites/ceri-hand/app/public/wp-includes/template.php(720): load_template('/Users/michaels...', true, Array)
#2 /Users/michaelsmith/Local Sites/ceri-hand/app/public/wp-includes/general-template.php(92): locate_template(Array, true, true, Array)
#3 /Users/michaelsmith/Local Sites/ceri-hand/app/public/wp-content/themes/Basebuild/page.php(26): get_footer()
#4 /Users/michaelsmith/Local Sites/ceri-hand/app/public/wp-includes/template-loader.php(106): include('/Users/michaels...')
#5 /Users/michaelsmith/Local Sites/ceri-hand/app/public/wp-blog-header.php(19): require_once('/Users/michaels...')
#6 /Users/michaelsmith/Local Sites/ceri-hand/app/public/index.php(17): require('/Users/michaels...')
#7 {main}
  thrown in /Users/michaelsmith/Local Sites/ceri-hand/app/public/wp-content/themes/Basebuild/footer.php on line 45
[23-Oct-2023 14:06:47 UTC] PHP Fatal error:  Uncaught Error: Call to undefined function foundationpress_footer_nav2() in /Users/michaelsmith/Local Sites/ceri-hand/app/public/wp-content/themes/Basebuild/footer.php:45
Stack trace:
#0 /Users/michaelsmith/Local Sites/ceri-hand/app/public/wp-includes/template.php(785): require_once()
#1 /Users/michaelsmith/Local Sites/ceri-hand/app/public/wp-includes/template.php(720): load_template('/Users/michaels...', true, Array)
#2 /Users/michaelsmith/Local Sites/ceri-hand/app/public/wp-includes/general-template.php(92): locate_template(Array, true, true, Array)
#3 /Users/michaelsmith/Local Sites/ceri-hand/app/public/wp-content/themes/Basebuild/404.php(29): get_footer()
#4 /Users/michaelsmith/Local Sites/ceri-hand/app/public/wp-includes/template-loader.php(106): include('/Users/michaels...')
#5 /Users/michaelsmith/Local Sites/ceri-hand/app/public/wp-blog-header.php(19): require_once('/Users/michaels...')
#6 /Users/michaelsmith/Local Sites/ceri-hand/app/public/index.php(17): require('/Users/michaels...')
#7 {main}
  thrown in /Users/michaelsmith/Local Sites/ceri-hand/app/public/wp-content/themes/Basebuild/footer.php on line 45
[23-Oct-2023 14:06:47 UTC] PHP Fatal error:  Uncaught Error: Call to undefined function foundationpress_footer_nav2() in /Users/michaelsmith/Local Sites/ceri-hand/app/public/wp-content/themes/Basebuild/footer.php:45
Stack trace:
#0 /Users/michaelsmith/Local Sites/ceri-hand/app/public/wp-includes/template.php(785): require_once()
#1 /Users/michaelsmith/Local Sites/ceri-hand/app/public/wp-includes/template.php(720): load_template('/Users/michaels...', true, Array)
#2 /Users/michaelsmith/Local Sites/ceri-hand/app/public/wp-includes/general-template.php(92): locate_template(Array, true, true, Array)
#3 /Users/michaelsmith/Local Sites/ceri-hand/app/public/wp-content/themes/Basebuild/404.php(29): get_footer()
#4 /Users/michaelsmith/Local Sites/ceri-hand/app/public/wp-includes/template-loader.php(106): include('/Users/michaels...')
#5 /Users/michaelsmith/Local Sites/ceri-hand/app/public/wp-blog-header.php(19): require_once('/Users/michaels...')
#6 /Users/michaelsmith/Local Sites/ceri-hand/app/public/index.php(17): require('/Users/michaels...')
#7 {main}
  thrown in /Users/michaelsmith/Local Sites/ceri-hand/app/public/wp-content/themes/Basebuild/footer.php on line 45
[23-Oct-2023 14:06:49 UTC] PHP Fatal error:  Uncaught Error: Call to undefined function foundationpress_footer_nav2() in /Users/michaelsmith/Local Sites/ceri-hand/app/public/wp-content/themes/Basebuild/footer.php:45
Stack trace:
#0 /Users/michaelsmith/Local Sites/ceri-hand/app/public/wp-includes/template.php(785): require_once()
#1 /Users/michaelsmith/Local Sites/ceri-hand/app/public/wp-includes/template.php(720): load_template('/Users/michaels...', true, Array)
#2 /Users/michaelsmith/Local Sites/ceri-hand/app/public/wp-includes/general-template.php(92): locate_template(Array, true, true, Array)
#3 /Users/michaelsmith/Local Sites/ceri-hand/app/public/wp-content/themes/Basebuild/index.php(31): get_footer()
#4 /Users/michaelsmith/Local Sites/ceri-hand/app/public/wp-includes/template-loader.php(106): include('/Users/michaels...')
#5 /Users/michaelsmith/Local Sites/ceri-hand/app/public/wp-blog-header.php(19): require_once('/Users/michaels...')
#6 /Users/michaelsmith/Local Sites/ceri-hand/app/public/index.php(17): require('/Users/michaels...')
#7 {main}
  thrown in /Users/michaelsmith/Local Sites/ceri-hand/app/public/wp-content/themes/Basebuild/footer.php on line 45
[23-Oct-2023 14:06:49 UTC] PHP Fatal error:  Uncaught Error: Call to undefined function foundationpress_footer_nav2() in /Users/michaelsmith/Local Sites/ceri-hand/app/public/wp-content/themes/Basebuild/footer.php:45
Stack trace:
#0 /Users/michaelsmith/Local Sites/ceri-hand/app/public/wp-includes/template.php(785): require_once()
#1 /Users/michaelsmith/Local Sites/ceri-hand/app/public/wp-includes/template.php(720): load_template('/Users/michaels...', true, Array)
#2 /Users/michaelsmith/Local Sites/ceri-hand/app/public/wp-includes/general-template.php(92): locate_template(Array, true, true, Array)
#3 /Users/michaelsmith/Local Sites/ceri-hand/app/public/wp-content/themes/Basebuild/404.php(29): get_footer()
#4 /Users/michaelsmith/Local Sites/ceri-hand/app/public/wp-includes/template-loader.php(106): include('/Users/michaels...')
#5 /Users/michaelsmith/Local Sites/ceri-hand/app/public/wp-blog-header.php(19): require_once('/Users/michaels...')
#6 /Users/michaelsmith/Local Sites/ceri-hand/app/public/index.php(17): require('/Users/michaels...')
#7 {main}
  thrown in /Users/michaelsmith/Local Sites/ceri-hand/app/public/wp-content/themes/Basebuild/footer.php on line 45
[23-Oct-2023 14:06:49 UTC] PHP Fatal error:  Uncaught Error: Call to undefined function foundationpress_footer_nav2() in /Users/michaelsmith/Local Sites/ceri-hand/app/public/wp-content/themes/Basebuild/footer.php:45
Stack trace:
#0 /Users/michaelsmith/Local Sites/ceri-hand/app/public/wp-includes/template.php(785): require_once()
#1 /Users/michaelsmith/Local Sites/ceri-hand/app/public/wp-includes/template.php(720): load_template('/Users/michaels...', true, Array)
#2 /Users/michaelsmith/Local Sites/ceri-hand/app/public/wp-includes/general-template.php(92): locate_template(Array, true, true, Array)
#3 /Users/michaelsmith/Local Sites/ceri-hand/app/public/wp-content/themes/Basebuild/404.php(29): get_footer()
#4 /Users/michaelsmith/Local Sites/ceri-hand/app/public/wp-includes/template-loader.php(106): include('/Users/michaels...')
#5 /Users/michaelsmith/Local Sites/ceri-hand/app/public/wp-blog-header.php(19): require_once('/Users/michaels...')
#6 /Users/michaelsmith/Local Sites/ceri-hand/app/public/index.php(17): require('/Users/michaels...')
#7 {main}
  thrown in /Users/michaelsmith/Local Sites/ceri-hand/app/public/wp-content/themes/Basebuild/footer.php on line 45
[24-Oct-2023 10:32:44 UTC] PHP Warning:  An unexpected error occurred. Something may be wrong with WordPress.org or this server&#8217;s configuration. If you continue to have problems, please try the <a href="https://wordpress.org/support/forums/">support forums</a>. (WordPress could not establish a secure connection to WordPress.org. Please contact your server administrator.) in /Users/michaelsmith/Local Sites/ceri-hand/app/public/wp-includes/update.php on line 211
[24-Oct-2023 10:32:44 UTC] PHP Warning:  An unexpected error occurred. Something may be wrong with WordPress.org or this server&#8217;s configuration. If you continue to have problems, please try the <a href="https://wordpress.org/support/forums/">support forums</a>. (WordPress could not establish a secure connection to WordPress.org. Please contact your server administrator.) in /Users/michaelsmith/Local Sites/ceri-hand/app/public/wp-includes/update.php on line 449
[24-Oct-2023 10:32:44 UTC] PHP Warning:  An unexpected error occurred. Something may be wrong with WordPress.org or this server&#8217;s configuration. If you continue to have problems, please try the <a href="https://wordpress.org/support/forums/">support forums</a>. (WordPress could not establish a secure connection to WordPress.org. Please contact your server administrator.) in /Users/michaelsmith/Local Sites/ceri-hand/app/public/wp-includes/update.php on line 730
[25-Oct-2023 18:13:52 UTC] PHP Warning:  Undefined array key "page_colour" in /Users/michaelsmith/Local Sites/ceri-hand/app/public/wp-content/themes/Basebuild/header.php on line 11
[25-Oct-2023 18:13:52 UTC] PHP Warning:  Undefined array key "page_colour" in /Users/michaelsmith/Local Sites/ceri-hand/app/public/wp-content/themes/Basebuild/header.php on line 11
[25-Oct-2023 18:13:53 UTC] PHP Warning:  Undefined array key "page_colour" in /Users/michaelsmith/Local Sites/ceri-hand/app/public/wp-content/themes/Basebuild/header.php on line 11
[25-Oct-2023 18:13:53 UTC] PHP Warning:  Undefined array key "page_colour" in /Users/michaelsmith/Local Sites/ceri-hand/app/public/wp-content/themes/Basebuild/header.php on line 11
[25-Oct-2023 18:13:53 UTC] PHP Warning:  Undefined array key "page_colour" in /Users/michaelsmith/Local Sites/ceri-hand/app/public/wp-content/themes/Basebuild/header.php on line 11
[25-Oct-2023 18:13:53 UTC] PHP Warning:  Undefined array key "page_colour" in /Users/michaelsmith/Local Sites/ceri-hand/app/public/wp-content/themes/Basebuild/header.php on line 11
[25-Oct-2023 18:13:59 UTC] PHP Warning:  Undefined array key "page_colour" in /Users/michaelsmith/Local Sites/ceri-hand/app/public/wp-content/themes/Basebuild/header.php on line 11
[25-Oct-2023 18:13:59 UTC] PHP Warning:  Undefined array key "page_colour" in /Users/michaelsmith/Local Sites/ceri-hand/app/public/wp-content/themes/Basebuild/header.php on line 11
[25-Oct-2023 18:13:59 UTC] PHP Warning:  Undefined array key "page_colour" in /Users/michaelsmith/Local Sites/ceri-hand/app/public/wp-content/themes/Basebuild/header.php on line 11
[25-Oct-2023 18:13:59 UTC] PHP Warning:  Undefined array key "page_colour" in /Users/michaelsmith/Local Sites/ceri-hand/app/public/wp-content/themes/Basebuild/header.php on line 11
[25-Oct-2023 18:13:59 UTC] PHP Warning:  Undefined array key "page_colour" in /Users/michaelsmith/Local Sites/ceri-hand/app/public/wp-content/themes/Basebuild/header.php on line 11
[25-Oct-2023 18:13:59 UTC] PHP Warning:  Undefined array key "page_colour" in /Users/michaelsmith/Local Sites/ceri-hand/app/public/wp-content/themes/Basebuild/header.php on line 11
[26-Oct-2023 09:27:58 UTC] PHP Warning:  Undefined array key "page_colour" in /Users/michaelsmith/Local Sites/ceri-hand/app/public/wp-content/themes/Basebuild/header.php on line 11
[26-Oct-2023 11:50:42 UTC] PHP Warning:  Undefined array key "page_colour" in /Users/michaelsmith/Local Sites/ceri-hand/app/public/wp-content/themes/Basebuild/header.php on line 11
[27-Oct-2023 09:31:59 UTC] PHP Warning:  Undefined array key "page_colour" in /Users/michaelsmith/Local Sites/ceri-hand/app/public/wp-content/themes/Basebuild/header.php on line 11
[27-Oct-2023 14:55:02 UTC] PHP Warning:  Undefined array key "page_colour" in /Users/michaelsmith/Local Sites/ceri-hand/app/public/wp-content/themes/Basebuild/header.php on line 11
[28-Oct-2023 14:10:03 UTC] PHP Warning:  Undefined array key "page_colour" in /Users/michaelsmith/Local Sites/ceri-hand/app/public/wp-content/themes/Basebuild/header.php on line 11
[30-Oct-2023 14:04:25 UTC] PHP Warning:  Undefined array key "page_colour" in /Users/michaelsmith/Local Sites/ceri-hand/app/public/wp-content/themes/Basebuild/header.php on line 11
[30-Oct-2023 14:04:25 UTC] Cron unschedule event error for hook: wordfence_start_scheduled_scan, Error code: could_not_set, Error message: The cron event list could not be saved., Data: {"schedule":false,"args":[1698663600]}
[30-Oct-2023 15:48:17 UTC] PHP Warning:  Undefined array key "page_colour" in /Users/michaelsmith/Local Sites/ceri-hand/app/public/wp-content/themes/Basebuild/header.php on line 11
[30-Oct-2023 15:48:17 UTC] PHP Warning:  Undefined array key "page_colour" in /Users/michaelsmith/Local Sites/ceri-hand/app/public/wp-content/themes/Basebuild/header.php on line 11
[30-Oct-2023 15:48:17 UTC] PHP Warning:  Undefined array key "page_colour" in /Users/michaelsmith/Local Sites/ceri-hand/app/public/wp-content/themes/Basebuild/header.php on line 11
[30-Oct-2023 15:48:17 UTC] PHP Warning:  Undefined array key "page_colour" in /Users/michaelsmith/Local Sites/ceri-hand/app/public/wp-content/themes/Basebuild/header.php on line 11
[30-Oct-2023 15:48:17 UTC] PHP Warning:  Undefined array key "page_colour" in /Users/michaelsmith/Local Sites/ceri-hand/app/public/wp-content/themes/Basebuild/header.php on line 11
[30-Oct-2023 15:48:17 UTC] PHP Warning:  Undefined array key "page_colour" in /Users/michaelsmith/Local Sites/ceri-hand/app/public/wp-content/themes/Basebuild/header.php on line 11
[31-Oct-2023 11:08:18 UTC] PHP Warning:  Undefined array key "page_colour" in /Users/michaelsmith/Local Sites/ceri-hand/app/public/wp-content/themes/Basebuild/header.php on line 11
[01-Nov-2023 10:30:24 UTC] PHP Warning:  Undefined array key "page_colour" in /Users/michaelsmith/Local Sites/ceri-hand/app/public/wp-content/themes/Basebuild/header.php on line 11
[01-Nov-2023 11:03:12 UTC] PHP Warning:  Undefined array key "page_colour" in /Users/michaelsmith/Local Sites/ceri-hand/app/public/wp-content/themes/Basebuild/header.php on line 11
[01-Nov-2023 11:52:05 UTC] PHP Warning:  Undefined array key "page_colour" in /Users/michaelsmith/Local Sites/ceri-hand/app/public/wp-content/themes/Basebuild/header.php on line 11
[01-Nov-2023 11:52:05 UTC] PHP Warning:  Undefined array key "page_colour" in /Users/michaelsmith/Local Sites/ceri-hand/app/public/wp-content/themes/Basebuild/header.php on line 11
[01-Nov-2023 11:52:05 UTC] PHP Warning:  Undefined array key "page_colour" in /Users/michaelsmith/Local Sites/ceri-hand/app/public/wp-content/themes/Basebuild/header.php on line 11
[01-Nov-2023 11:52:05 UTC] PHP Warning:  Undefined array key "page_colour" in /Users/michaelsmith/Local Sites/ceri-hand/app/public/wp-content/themes/Basebuild/header.php on line 11
[01-Nov-2023 11:52:05 UTC] PHP Warning:  Undefined array key "page_colour" in /Users/michaelsmith/Local Sites/ceri-hand/app/public/wp-content/themes/Basebuild/header.php on line 11
[01-Nov-2023 11:52:05 UTC] PHP Warning:  Undefined array key "page_colour" in /Users/michaelsmith/Local Sites/ceri-hand/app/public/wp-content/themes/Basebuild/header.php on line 11
[01-Nov-2023 11:52:44 UTC] PHP Warning:  Undefined array key "page_colour" in /Users/michaelsmith/Local Sites/ceri-hand/app/public/wp-content/themes/Basebuild/header.php on line 11
[01-Nov-2023 11:52:44 UTC] PHP Warning:  Undefined array key "page_colour" in /Users/michaelsmith/Local Sites/ceri-hand/app/public/wp-content/themes/Basebuild/header.php on line 11
[01-Nov-2023 11:52:51 UTC] PHP Warning:  Undefined array key "page_colour" in /Users/michaelsmith/Local Sites/ceri-hand/app/public/wp-content/themes/Basebuild/header.php on line 11
[01-Nov-2023 11:52:51 UTC] PHP Warning:  Undefined array key "page_colour" in /Users/michaelsmith/Local Sites/ceri-hand/app/public/wp-content/themes/Basebuild/header.php on line 11
[01-Nov-2023 11:56:32 UTC] PHP Warning:  Undefined array key "page_colour" in /Users/michaelsmith/Local Sites/ceri-hand/app/public/wp-content/themes/Basebuild/header.php on line 11
[01-Nov-2023 11:56:32 UTC] PHP Warning:  Undefined array key "page_colour" in /Users/michaelsmith/Local Sites/ceri-hand/app/public/wp-content/themes/Basebuild/header.php on line 11
[01-Nov-2023 11:56:45 UTC] PHP Warning:  Undefined array key "page_colour" in /Users/michaelsmith/Local Sites/ceri-hand/app/public/wp-content/themes/Basebuild/header.php on line 11
[01-Nov-2023 11:56:45 UTC] PHP Warning:  Undefined array key "page_colour" in /Users/michaelsmith/Local Sites/ceri-hand/app/public/wp-content/themes/Basebuild/header.php on line 11
[01-Nov-2023 11:56:45 UTC] PHP Warning:  Undefined array key "page_colour" in /Users/michaelsmith/Local Sites/ceri-hand/app/public/wp-content/themes/Basebuild/header.php on line 11
[01-Nov-2023 11:56:45 UTC] PHP Warning:  Undefined array key "page_colour" in /Users/michaelsmith/Local Sites/ceri-hand/app/public/wp-content/themes/Basebuild/header.php on line 11
[01-Nov-2023 13:18:04 UTC] PHP Warning:  Undefined array key "page_colour" in /Users/michaelsmith/Local Sites/ceri-hand/app/public/wp-content/themes/Basebuild/header.php on line 11
[01-Nov-2023 13:18:04 UTC] PHP Warning:  Undefined array key "page_colour" in /Users/michaelsmith/Local Sites/ceri-hand/app/public/wp-content/themes/Basebuild/header.php on line 11
[01-Nov-2023 13:18:04 UTC] PHP Warning:  Undefined array key "page_colour" in /Users/michaelsmith/Local Sites/ceri-hand/app/public/wp-content/themes/Basebuild/header.php on line 11
[01-Nov-2023 13:18:04 UTC] PHP Warning:  Undefined array key "page_colour" in /Users/michaelsmith/Local Sites/ceri-hand/app/public/wp-content/themes/Basebuild/header.php on line 11
[01-Nov-2023 13:18:04 UTC] PHP Warning:  Undefined array key "page_colour" in /Users/michaelsmith/Local Sites/ceri-hand/app/public/wp-content/themes/Basebuild/header.php on line 11
[01-Nov-2023 13:58:07 UTC] PHP Warning:  Undefined array key "page_colour" in /Users/michaelsmith/Local Sites/ceri-hand/app/public/wp-content/themes/Basebuild/header.php on line 11
[01-Nov-2023 13:58:07 UTC] PHP Warning:  Undefined array key "page_colour" in /Users/michaelsmith/Local Sites/ceri-hand/app/public/wp-content/themes/Basebuild/header.php on line 11
[01-Nov-2023 13:58:36 UTC] PHP Warning:  Undefined array key "page_colour" in /Users/michaelsmith/Local Sites/ceri-hand/app/public/wp-content/themes/Basebuild/header.php on line 11
[01-Nov-2023 13:58:36 UTC] PHP Warning:  Undefined array key "page_colour" in /Users/michaelsmith/Local Sites/ceri-hand/app/public/wp-content/themes/Basebuild/header.php on line 11
[01-Nov-2023 13:58:36 UTC] PHP Warning:  Undefined array key "page_colour" in /Users/michaelsmith/Local Sites/ceri-hand/app/public/wp-content/themes/Basebuild/header.php on line 11
[01-Nov-2023 13:58:36 UTC] PHP Warning:  Undefined array key "page_colour" in /Users/michaelsmith/Local Sites/ceri-hand/app/public/wp-content/themes/Basebuild/header.php on line 11
[01-Nov-2023 13:58:36 UTC] PHP Warning:  Undefined array key "page_colour" in /Users/michaelsmith/Local Sites/ceri-hand/app/public/wp-content/themes/Basebuild/header.php on line 11
[01-Nov-2023 13:59:33 UTC] PHP Warning:  Undefined array key "page_colour" in /Users/michaelsmith/Local Sites/ceri-hand/app/public/wp-content/themes/Basebuild/header.php on line 11
[01-Nov-2023 13:59:33 UTC] PHP Warning:  Undefined array key "page_colour" in /Users/michaelsmith/Local Sites/ceri-hand/app/public/wp-content/themes/Basebuild/header.php on line 11
[01-Nov-2023 13:59:33 UTC] PHP Warning:  Undefined array key "page_colour" in /Users/michaelsmith/Local Sites/ceri-hand/app/public/wp-content/themes/Basebuild/header.php on line 11
[01-Nov-2023 13:59:33 UTC] PHP Warning:  Undefined array key "page_colour" in /Users/michaelsmith/Local Sites/ceri-hand/app/public/wp-content/themes/Basebuild/header.php on line 11
[01-Nov-2023 13:59:33 UTC] PHP Warning:  Undefined array key "page_colour" in /Users/michaelsmith/Local Sites/ceri-hand/app/public/wp-content/themes/Basebuild/header.php on line 11
[01-Nov-2023 13:59:36 UTC] PHP Warning:  Undefined array key "page_colour" in /Users/michaelsmith/Local Sites/ceri-hand/app/public/wp-content/themes/Basebuild/header.php on line 11
[01-Nov-2023 13:59:36 UTC] PHP Warning:  Undefined array key "page_colour" in /Users/michaelsmith/Local Sites/ceri-hand/app/public/wp-content/themes/Basebuild/header.php on line 11
[01-Nov-2023 13:59:36 UTC] PHP Warning:  Undefined array key "page_colour" in /Users/michaelsmith/Local Sites/ceri-hand/app/public/wp-content/themes/Basebuild/header.php on line 11
[01-Nov-2023 13:59:36 UTC] PHP Warning:  Undefined array key "page_colour" in /Users/michaelsmith/Local Sites/ceri-hand/app/public/wp-content/themes/Basebuild/header.php on line 11
[01-Nov-2023 13:59:36 UTC] PHP Warning:  Undefined array key "page_colour" in /Users/michaelsmith/Local Sites/ceri-hand/app/public/wp-content/themes/Basebuild/header.php on line 11
[01-Nov-2023 13:59:37 UTC] PHP Warning:  Undefined array key "page_colour" in /Users/michaelsmith/Local Sites/ceri-hand/app/public/wp-content/themes/Basebuild/header.php on line 11
[01-Nov-2023 13:59:37 UTC] PHP Warning:  Undefined array key "page_colour" in /Users/michaelsmith/Local Sites/ceri-hand/app/public/wp-content/themes/Basebuild/header.php on line 11
[01-Nov-2023 13:59:37 UTC] PHP Warning:  Undefined array key "page_colour" in /Users/michaelsmith/Local Sites/ceri-hand/app/public/wp-content/themes/Basebuild/header.php on line 11
[01-Nov-2023 13:59:37 UTC] PHP Warning:  Undefined array key "page_colour" in /Users/michaelsmith/Local Sites/ceri-hand/app/public/wp-content/themes/Basebuild/header.php on line 11
[01-Nov-2023 13:59:37 UTC] PHP Warning:  Undefined array key "page_colour" in /Users/michaelsmith/Local Sites/ceri-hand/app/public/wp-content/themes/Basebuild/header.php on line 11
[01-Nov-2023 13:59:38 UTC] PHP Warning:  Undefined array key "page_colour" in /Users/michaelsmith/Local Sites/ceri-hand/app/public/wp-content/themes/Basebuild/header.php on line 11
[01-Nov-2023 13:59:38 UTC] PHP Warning:  Undefined array key "page_colour" in /Users/michaelsmith/Local Sites/ceri-hand/app/public/wp-content/themes/Basebuild/header.php on line 11
[01-Nov-2023 13:59:38 UTC] PHP Warning:  Undefined array key "page_colour" in /Users/michaelsmith/Local Sites/ceri-hand/app/public/wp-content/themes/Basebuild/header.php on line 11
[01-Nov-2023 13:59:38 UTC] PHP Warning:  Undefined array key "page_colour" in /Users/michaelsmith/Local Sites/ceri-hand/app/public/wp-content/themes/Basebuild/header.php on line 11
[01-Nov-2023 13:59:38 UTC] PHP Warning:  Undefined array key "page_colour" in /Users/michaelsmith/Local Sites/ceri-hand/app/public/wp-content/themes/Basebuild/header.php on line 11
[01-Nov-2023 13:59:55 UTC] PHP Warning:  Undefined array key "page_colour" in /Users/michaelsmith/Local Sites/ceri-hand/app/public/wp-content/themes/Basebuild/header.php on line 11
[01-Nov-2023 13:59:55 UTC] PHP Warning:  Undefined array key "page_colour" in /Users/michaelsmith/Local Sites/ceri-hand/app/public/wp-content/themes/Basebuild/header.php on line 11
[01-Nov-2023 13:59:55 UTC] PHP Warning:  Undefined array key "page_colour" in /Users/michaelsmith/Local Sites/ceri-hand/app/public/wp-content/themes/Basebuild/header.php on line 11
[01-Nov-2023 13:59:55 UTC] PHP Warning:  Undefined array key "page_colour" in /Users/michaelsmith/Local Sites/ceri-hand/app/public/wp-content/themes/Basebuild/header.php on line 11
[01-Nov-2023 13:59:55 UTC] PHP Warning:  Undefined array key "page_colour" in /Users/michaelsmith/Local Sites/ceri-hand/app/public/wp-content/themes/Basebuild/header.php on line 11
[01-Nov-2023 13:59:55 UTC] PHP Warning:  Undefined array key "page_colour" in /Users/michaelsmith/Local Sites/ceri-hand/app/public/wp-content/themes/Basebuild/header.php on line 11
[01-Nov-2023 13:59:57 UTC] PHP Warning:  Undefined array key "page_colour" in /Users/michaelsmith/Local Sites/ceri-hand/app/public/wp-content/themes/Basebuild/header.php on line 11
[01-Nov-2023 13:59:57 UTC] PHP Warning:  Undefined array key "page_colour" in /Users/michaelsmith/Local Sites/ceri-hand/app/public/wp-content/themes/Basebuild/header.php on line 11
[01-Nov-2023 14:00:28 UTC] PHP Warning:  Undefined array key "page_colour" in /Users/michaelsmith/Local Sites/ceri-hand/app/public/wp-content/themes/Basebuild/header.php on line 11
[01-Nov-2023 14:00:28 UTC] PHP Warning:  Undefined array key "page_colour" in /Users/michaelsmith/Local Sites/ceri-hand/app/public/wp-content/themes/Basebuild/header.php on line 11
[01-Nov-2023 14:00:28 UTC] PHP Warning:  Undefined array key "page_colour" in /Users/michaelsmith/Local Sites/ceri-hand/app/public/wp-content/themes/Basebuild/header.php on line 11
[01-Nov-2023 14:00:28 UTC] PHP Warning:  Undefined array key "page_colour" in /Users/michaelsmith/Local Sites/ceri-hand/app/public/wp-content/themes/Basebuild/header.php on line 11
[01-Nov-2023 14:00:28 UTC] PHP Warning:  Undefined array key "page_colour" in /Users/michaelsmith/Local Sites/ceri-hand/app/public/wp-content/themes/Basebuild/header.php on line 11
[01-Nov-2023 14:01:00 UTC] PHP Warning:  Undefined array key "page_colour" in /Users/michaelsmith/Local Sites/ceri-hand/app/public/wp-content/themes/Basebuild/header.php on line 11
[01-Nov-2023 14:01:00 UTC] PHP Warning:  Undefined array key "page_colour" in /Users/michaelsmith/Local Sites/ceri-hand/app/public/wp-content/themes/Basebuild/header.php on line 11
[01-Nov-2023 14:01:00 UTC] PHP Warning:  Undefined array key "page_colour" in /Users/michaelsmith/Local Sites/ceri-hand/app/public/wp-content/themes/Basebuild/header.php on line 11
[01-Nov-2023 14:01:00 UTC] PHP Warning:  Undefined array key "page_colour" in /Users/michaelsmith/Local Sites/ceri-hand/app/public/wp-content/themes/Basebuild/header.php on line 11
[01-Nov-2023 14:01:00 UTC] PHP Warning:  Undefined array key "page_colour" in /Users/michaelsmith/Local Sites/ceri-hand/app/public/wp-content/themes/Basebuild/header.php on line 11
[01-Nov-2023 15:38:17 UTC] PHP Warning:  Undefined array key "page_colour" in /Users/michaelsmith/Local Sites/ceri-hand/app/public/wp-content/themes/Basebuild/header.php on line 11
[01-Nov-2023 15:38:17 UTC] PHP Warning:  Undefined array key "page_colour" in /Users/michaelsmith/Local Sites/ceri-hand/app/public/wp-content/themes/Basebuild/header.php on line 11
[01-Nov-2023 15:38:17 UTC] PHP Warning:  Undefined array key "page_colour" in /Users/michaelsmith/Local Sites/ceri-hand/app/public/wp-content/themes/Basebuild/header.php on line 11
[01-Nov-2023 15:38:17 UTC] PHP Warning:  Undefined array key "page_colour" in /Users/michaelsmith/Local Sites/ceri-hand/app/public/wp-content/themes/Basebuild/header.php on line 11
[01-Nov-2023 15:38:17 UTC] PHP Warning:  Undefined array key "page_colour" in /Users/michaelsmith/Local Sites/ceri-hand/app/public/wp-content/themes/Basebuild/header.php on line 11
[01-Nov-2023 15:38:46 UTC] PHP Warning:  Undefined array key "page_colour" in /Users/michaelsmith/Local Sites/ceri-hand/app/public/wp-content/themes/Basebuild/header.php on line 11
[01-Nov-2023 15:38:46 UTC] PHP Warning:  Undefined array key "page_colour" in /Users/michaelsmith/Local Sites/ceri-hand/app/public/wp-content/themes/Basebuild/header.php on line 11
[01-Nov-2023 15:38:46 UTC] PHP Warning:  Undefined array key "page_colour" in /Users/michaelsmith/Local Sites/ceri-hand/app/public/wp-content/themes/Basebuild/header.php on line 11
[01-Nov-2023 15:38:46 UTC] PHP Warning:  Undefined array key "page_colour" in /Users/michaelsmith/Local Sites/ceri-hand/app/public/wp-content/themes/Basebuild/header.php on line 11
[01-Nov-2023 15:38:46 UTC] PHP Warning:  Undefined array key "page_colour" in /Users/michaelsmith/Local Sites/ceri-hand/app/public/wp-content/themes/Basebuild/header.php on line 11
[01-Nov-2023 15:38:53 UTC] PHP Warning:  Undefined array key "page_colour" in /Users/michaelsmith/Local Sites/ceri-hand/app/public/wp-content/themes/Basebuild/header.php on line 11
[01-Nov-2023 15:38:53 UTC] PHP Warning:  Undefined array key "page_colour" in /Users/michaelsmith/Local Sites/ceri-hand/app/public/wp-content/themes/Basebuild/header.php on line 11
[01-Nov-2023 15:38:53 UTC] PHP Warning:  Undefined array key "page_colour" in /Users/michaelsmith/Local Sites/ceri-hand/app/public/wp-content/themes/Basebuild/header.php on line 11
[01-Nov-2023 15:38:53 UTC] PHP Warning:  Undefined array key "page_colour" in /Users/michaelsmith/Local Sites/ceri-hand/app/public/wp-content/themes/Basebuild/header.php on line 11
[01-Nov-2023 15:38:53 UTC] PHP Warning:  Undefined array key "page_colour" in /Users/michaelsmith/Local Sites/ceri-hand/app/public/wp-content/themes/Basebuild/header.php on line 11
[01-Nov-2023 15:38:55 UTC] PHP Warning:  Undefined array key "page_colour" in /Users/michaelsmith/Local Sites/ceri-hand/app/public/wp-content/themes/Basebuild/header.php on line 11
[01-Nov-2023 15:38:55 UTC] PHP Warning:  Undefined array key "page_colour" in /Users/michaelsmith/Local Sites/ceri-hand/app/public/wp-content/themes/Basebuild/header.php on line 11
[01-Nov-2023 15:38:55 UTC] PHP Warning:  Undefined array key "page_colour" in /Users/michaelsmith/Local Sites/ceri-hand/app/public/wp-content/themes/Basebuild/header.php on line 11
[01-Nov-2023 15:38:55 UTC] PHP Warning:  Undefined array key "page_colour" in /Users/michaelsmith/Local Sites/ceri-hand/app/public/wp-content/themes/Basebuild/header.php on line 11
[01-Nov-2023 15:38:55 UTC] PHP Warning:  Undefined array key "page_colour" in /Users/michaelsmith/Local Sites/ceri-hand/app/public/wp-content/themes/Basebuild/header.php on line 11
[01-Nov-2023 15:39:55 UTC] PHP Warning:  Undefined array key "page_colour" in /Users/michaelsmith/Local Sites/ceri-hand/app/public/wp-content/themes/Basebuild/header.php on line 11
[01-Nov-2023 15:39:55 UTC] PHP Warning:  Undefined array key "page_colour" in /Users/michaelsmith/Local Sites/ceri-hand/app/public/wp-content/themes/Basebuild/header.php on line 11
[01-Nov-2023 15:39:55 UTC] PHP Warning:  Undefined array key "page_colour" in /Users/michaelsmith/Local Sites/ceri-hand/app/public/wp-content/themes/Basebuild/header.php on line 11
[01-Nov-2023 15:39:55 UTC] PHP Warning:  Undefined array key "page_colour" in /Users/michaelsmith/Local Sites/ceri-hand/app/public/wp-content/themes/Basebuild/header.php on line 11
[01-Nov-2023 15:39:55 UTC] PHP Warning:  Undefined array key "page_colour" in /Users/michaelsmith/Local Sites/ceri-hand/app/public/wp-content/themes/Basebuild/header.php on line 11
[01-Nov-2023 15:40:29 UTC] PHP Warning:  include(apply-for-coaching): Failed to open stream: No such file or directory in /Users/michaelsmith/Local Sites/ceri-hand/app/public/wp-content/themes/Basebuild/template-parts/builder.php on line 67
[01-Nov-2023 15:40:29 UTC] PHP Warning:  include(): Failed opening 'apply-for-coaching' for inclusion (include_path='.:/usr/share/php:/www/wp-content/pear') in /Users/michaelsmith/Local Sites/ceri-hand/app/public/wp-content/themes/Basebuild/template-parts/builder.php on line 67
[01-Nov-2023 15:40:29 UTC] PHP Warning:  Undefined array key "page_colour" in /Users/michaelsmith/Local Sites/ceri-hand/app/public/wp-content/themes/Basebuild/header.php on line 11
[01-Nov-2023 15:40:29 UTC] PHP Warning:  Undefined array key "page_colour" in /Users/michaelsmith/Local Sites/ceri-hand/app/public/wp-content/themes/Basebuild/header.php on line 11
[01-Nov-2023 15:40:29 UTC] PHP Warning:  Undefined array key "page_colour" in /Users/michaelsmith/Local Sites/ceri-hand/app/public/wp-content/themes/Basebuild/header.php on line 11
[01-Nov-2023 15:40:29 UTC] PHP Warning:  Undefined array key "page_colour" in /Users/michaelsmith/Local Sites/ceri-hand/app/public/wp-content/themes/Basebuild/header.php on line 11
[01-Nov-2023 15:40:29 UTC] PHP Warning:  Undefined array key "page_colour" in /Users/michaelsmith/Local Sites/ceri-hand/app/public/wp-content/themes/Basebuild/header.php on line 11
[01-Nov-2023 15:40:47 UTC] PHP Warning:  include(apply-for-coaching.php): Failed to open stream: No such file or directory in /Users/michaelsmith/Local Sites/ceri-hand/app/public/wp-content/themes/Basebuild/template-parts/builder.php on line 67
[01-Nov-2023 15:40:47 UTC] PHP Warning:  include(): Failed opening 'apply-for-coaching.php' for inclusion (include_path='.:/usr/share/php:/www/wp-content/pear') in /Users/michaelsmith/Local Sites/ceri-hand/app/public/wp-content/themes/Basebuild/template-parts/builder.php on line 67
[01-Nov-2023 15:40:47 UTC] PHP Warning:  Undefined array key "page_colour" in /Users/michaelsmith/Local Sites/ceri-hand/app/public/wp-content/themes/Basebuild/header.php on line 11
[01-Nov-2023 15:40:48 UTC] PHP Warning:  Undefined array key "page_colour" in /Users/michaelsmith/Local Sites/ceri-hand/app/public/wp-content/themes/Basebuild/header.php on line 11
[01-Nov-2023 15:40:48 UTC] PHP Warning:  Undefined array key "page_colour" in /Users/michaelsmith/Local Sites/ceri-hand/app/public/wp-content/themes/Basebuild/header.php on line 11
[01-Nov-2023 15:40:48 UTC] PHP Warning:  Undefined array key "page_colour" in /Users/michaelsmith/Local Sites/ceri-hand/app/public/wp-content/themes/Basebuild/header.php on line 11
[01-Nov-2023 15:41:16 UTC] PHP Warning:  include(apply-for-coaching.php): Failed to open stream: No such file or directory in /Users/michaelsmith/Local Sites/ceri-hand/app/public/wp-content/themes/Basebuild/template-parts/builder.php on line 67
[01-Nov-2023 15:41:16 UTC] PHP Warning:  include(): Failed opening 'apply-for-coaching.php' for inclusion (include_path='.:/usr/share/php:/www/wp-content/pear') in /Users/michaelsmith/Local Sites/ceri-hand/app/public/wp-content/themes/Basebuild/template-parts/builder.php on line 67
[01-Nov-2023 15:41:16 UTC] PHP Warning:  Undefined array key "page_colour" in /Users/michaelsmith/Local Sites/ceri-hand/app/public/wp-content/themes/Basebuild/header.php on line 11
[01-Nov-2023 15:41:16 UTC] PHP Warning:  Undefined array key "page_colour" in /Users/michaelsmith/Local Sites/ceri-hand/app/public/wp-content/themes/Basebuild/header.php on line 11
[01-Nov-2023 15:41:16 UTC] PHP Warning:  Undefined array key "page_colour" in /Users/michaelsmith/Local Sites/ceri-hand/app/public/wp-content/themes/Basebuild/header.php on line 11
[01-Nov-2023 15:41:16 UTC] PHP Warning:  Undefined array key "page_colour" in /Users/michaelsmith/Local Sites/ceri-hand/app/public/wp-content/themes/Basebuild/header.php on line 11
[01-Nov-2023 15:41:16 UTC] PHP Warning:  Undefined array key "page_colour" in /Users/michaelsmith/Local Sites/ceri-hand/app/public/wp-content/themes/Basebuild/header.php on line 11
[01-Nov-2023 15:41:18 UTC] PHP Warning:  include(apply-for-coaching.php): Failed to open stream: No such file or directory in /Users/michaelsmith/Local Sites/ceri-hand/app/public/wp-content/themes/Basebuild/template-parts/builder.php on line 67
[01-Nov-2023 15:41:18 UTC] PHP Warning:  include(): Failed opening 'apply-for-coaching.php' for inclusion (include_path='.:/usr/share/php:/www/wp-content/pear') in /Users/michaelsmith/Local Sites/ceri-hand/app/public/wp-content/themes/Basebuild/template-parts/builder.php on line 67
[01-Nov-2023 15:41:18 UTC] PHP Warning:  Undefined array key "page_colour" in /Users/michaelsmith/Local Sites/ceri-hand/app/public/wp-content/themes/Basebuild/header.php on line 11
[01-Nov-2023 15:41:18 UTC] PHP Warning:  Undefined array key "page_colour" in /Users/michaelsmith/Local Sites/ceri-hand/app/public/wp-content/themes/Basebuild/header.php on line 11
[01-Nov-2023 15:41:18 UTC] PHP Warning:  Undefined array key "page_colour" in /Users/michaelsmith/Local Sites/ceri-hand/app/public/wp-content/themes/Basebuild/header.php on line 11
[01-Nov-2023 15:41:18 UTC] PHP Warning:  Undefined array key "page_colour" in /Users/michaelsmith/Local Sites/ceri-hand/app/public/wp-content/themes/Basebuild/header.php on line 11
[01-Nov-2023 15:41:19 UTC] PHP Warning:  Undefined array key "page_colour" in /Users/michaelsmith/Local Sites/ceri-hand/app/public/wp-content/themes/Basebuild/header.php on line 11
[01-Nov-2023 15:42:20 UTC] PHP Warning:  Undefined array key "page_colour" in /Users/michaelsmith/Local Sites/ceri-hand/app/public/wp-content/themes/Basebuild/header.php on line 11
[01-Nov-2023 15:42:20 UTC] PHP Warning:  Undefined array key "page_colour" in /Users/michaelsmith/Local Sites/ceri-hand/app/public/wp-content/themes/Basebuild/header.php on line 11
[01-Nov-2023 15:42:20 UTC] PHP Warning:  Undefined array key "page_colour" in /Users/michaelsmith/Local Sites/ceri-hand/app/public/wp-content/themes/Basebuild/header.php on line 11
[01-Nov-2023 15:42:20 UTC] PHP Warning:  Undefined array key "page_colour" in /Users/michaelsmith/Local Sites/ceri-hand/app/public/wp-content/themes/Basebuild/header.php on line 11
[01-Nov-2023 15:42:20 UTC] PHP Warning:  Undefined array key "page_colour" in /Users/michaelsmith/Local Sites/ceri-hand/app/public/wp-content/themes/Basebuild/header.php on line 11
[01-Nov-2023 15:42:39 UTC] PHP Warning:  Undefined array key "page_colour" in /Users/michaelsmith/Local Sites/ceri-hand/app/public/wp-content/themes/Basebuild/header.php on line 11
[01-Nov-2023 15:42:39 UTC] PHP Warning:  Undefined array key "page_colour" in /Users/michaelsmith/Local Sites/ceri-hand/app/public/wp-content/themes/Basebuild/header.php on line 11
[01-Nov-2023 15:42:39 UTC] PHP Warning:  Undefined array key "page_colour" in /Users/michaelsmith/Local Sites/ceri-hand/app/public/wp-content/themes/Basebuild/header.php on line 11
[01-Nov-2023 15:42:39 UTC] PHP Warning:  Undefined array key "page_colour" in /Users/michaelsmith/Local Sites/ceri-hand/app/public/wp-content/themes/Basebuild/header.php on line 11
[01-Nov-2023 15:42:39 UTC] PHP Warning:  Undefined array key "page_colour" in /Users/michaelsmith/Local Sites/ceri-hand/app/public/wp-content/themes/Basebuild/header.php on line 11
[01-Nov-2023 15:42:53 UTC] PHP Warning:  Undefined array key "page_colour" in /Users/michaelsmith/Local Sites/ceri-hand/app/public/wp-content/themes/Basebuild/header.php on line 11
[01-Nov-2023 15:42:53 UTC] PHP Warning:  Undefined array key "page_colour" in /Users/michaelsmith/Local Sites/ceri-hand/app/public/wp-content/themes/Basebuild/header.php on line 11
[01-Nov-2023 15:42:53 UTC] PHP Warning:  Undefined array key "page_colour" in /Users/michaelsmith/Local Sites/ceri-hand/app/public/wp-content/themes/Basebuild/header.php on line 11
[01-Nov-2023 15:42:53 UTC] PHP Warning:  Undefined array key "page_colour" in /Users/michaelsmith/Local Sites/ceri-hand/app/public/wp-content/themes/Basebuild/header.php on line 11
[01-Nov-2023 15:42:53 UTC] PHP Warning:  Undefined array key "page_colour" in /Users/michaelsmith/Local Sites/ceri-hand/app/public/wp-content/themes/Basebuild/header.php on line 11
[01-Nov-2023 15:43:28 UTC] PHP Warning:  Undefined array key "page_colour" in /Users/michaelsmith/Local Sites/ceri-hand/app/public/wp-content/themes/Basebuild/header.php on line 11
[01-Nov-2023 15:43:28 UTC] PHP Warning:  Undefined array key "page_colour" in /Users/michaelsmith/Local Sites/ceri-hand/app/public/wp-content/themes/Basebuild/header.php on line 11
[01-Nov-2023 15:43:28 UTC] PHP Warning:  Undefined array key "page_colour" in /Users/michaelsmith/Local Sites/ceri-hand/app/public/wp-content/themes/Basebuild/header.php on line 11
[01-Nov-2023 15:43:28 UTC] PHP Warning:  Undefined array key "page_colour" in /Users/michaelsmith/Local Sites/ceri-hand/app/public/wp-content/themes/Basebuild/header.php on line 11
[01-Nov-2023 15:43:28 UTC] PHP Warning:  Undefined array key "page_colour" in /Users/michaelsmith/Local Sites/ceri-hand/app/public/wp-content/themes/Basebuild/header.php on line 11
[01-Nov-2023 15:46:56 UTC] PHP Warning:  include(apply-for-coaching.php): Failed to open stream: No such file or directory in /Users/michaelsmith/Local Sites/ceri-hand/app/public/wp-content/themes/Basebuild/template-parts/builder.php on line 67
[01-Nov-2023 15:46:56 UTC] PHP Warning:  include(): Failed opening 'apply-for-coaching.php' for inclusion (include_path='.:/usr/share/php:/www/wp-content/pear') in /Users/michaelsmith/Local Sites/ceri-hand/app/public/wp-content/themes/Basebuild/template-parts/builder.php on line 67
[01-Nov-2023 15:46:56 UTC] PHP Warning:  Undefined array key "page_colour" in /Users/michaelsmith/Local Sites/ceri-hand/app/public/wp-content/themes/Basebuild/header.php on line 11
[01-Nov-2023 15:46:56 UTC] PHP Warning:  Undefined array key "page_colour" in /Users/michaelsmith/Local Sites/ceri-hand/app/public/wp-content/themes/Basebuild/header.php on line 11
[01-Nov-2023 15:46:56 UTC] PHP Warning:  Undefined array key "page_colour" in /Users/michaelsmith/Local Sites/ceri-hand/app/public/wp-content/themes/Basebuild/header.php on line 11
[01-Nov-2023 15:46:56 UTC] PHP Warning:  Undefined array key "page_colour" in /Users/michaelsmith/Local Sites/ceri-hand/app/public/wp-content/themes/Basebuild/header.php on line 11
[01-Nov-2023 15:46:56 UTC] PHP Warning:  Undefined array key "page_colour" in /Users/michaelsmith/Local Sites/ceri-hand/app/public/wp-content/themes/Basebuild/header.php on line 11
[01-Nov-2023 15:47:24 UTC] PHP Warning:  Undefined array key "page_colour" in /Users/michaelsmith/Local Sites/ceri-hand/app/public/wp-content/themes/Basebuild/header.php on line 11
[01-Nov-2023 15:47:24 UTC] PHP Warning:  Undefined array key "page_colour" in /Users/michaelsmith/Local Sites/ceri-hand/app/public/wp-content/themes/Basebuild/header.php on line 11
[01-Nov-2023 15:47:24 UTC] PHP Warning:  Undefined array key "page_colour" in /Users/michaelsmith/Local Sites/ceri-hand/app/public/wp-content/themes/Basebuild/header.php on line 11
[01-Nov-2023 15:47:24 UTC] PHP Warning:  Undefined array key "page_colour" in /Users/michaelsmith/Local Sites/ceri-hand/app/public/wp-content/themes/Basebuild/header.php on line 11
[01-Nov-2023 15:47:24 UTC] PHP Warning:  Undefined array key "page_colour" in /Users/michaelsmith/Local Sites/ceri-hand/app/public/wp-content/themes/Basebuild/header.php on line 11
[01-Nov-2023 15:47:48 UTC] PHP Warning:  Undefined array key "page_colour" in /Users/michaelsmith/Local Sites/ceri-hand/app/public/wp-content/themes/Basebuild/header.php on line 11
[01-Nov-2023 15:47:48 UTC] PHP Warning:  Undefined array key "page_colour" in /Users/michaelsmith/Local Sites/ceri-hand/app/public/wp-content/themes/Basebuild/header.php on line 11
[01-Nov-2023 15:47:48 UTC] PHP Warning:  Undefined array key "page_colour" in /Users/michaelsmith/Local Sites/ceri-hand/app/public/wp-content/themes/Basebuild/header.php on line 11
[01-Nov-2023 15:47:48 UTC] PHP Warning:  Undefined array key "page_colour" in /Users/michaelsmith/Local Sites/ceri-hand/app/public/wp-content/themes/Basebuild/header.php on line 11
[01-Nov-2023 15:47:48 UTC] PHP Warning:  Undefined array key "page_colour" in /Users/michaelsmith/Local Sites/ceri-hand/app/public/wp-content/themes/Basebuild/header.php on line 11
[02-Nov-2023 09:45:05 UTC] PHP Warning:  Undefined array key "page_colour" in /Users/michaelsmith/Local Sites/ceri-hand/app/public/wp-content/themes/Basebuild/header.php on line 11
[02-Nov-2023 11:02:32 UTC] PHP Warning:  Undefined array key "page_colour" in /Users/michaelsmith/Local Sites/ceri-hand/app/public/wp-content/themes/Basebuild/header.php on line 11
[03-Nov-2023 09:22:19 UTC] PHP Warning:  Undefined array key "page_colour" in /Users/michaelsmith/Local Sites/ceri-hand/app/public/wp-content/themes/Basebuild/header.php on line 11
[03-Nov-2023 11:00:42 UTC] PHP Warning:  Undefined array key "page_colour" in /Users/michaelsmith/Local Sites/ceri-hand/app/public/wp-content/themes/Basebuild/header.php on line 11
