[23-Oct-2023 11:52:50] NOTICE: fpm is running, pid 1237
[23-Oct-2023 11:52:50] NOTICE: ready to handle connections
[30-Oct-2023 14:12:34] NOTICE: Terminating ...
[30-Oct-2023 14:12:34] NOTICE: Terminating ...
[30-Oct-2023 14:12:34] NOTICE: exiting, bye-bye!
[30-Oct-2023 15:47:15] NOTICE: fpm is running, pid 1666
[30-Oct-2023 15:47:15] NOTICE: ready to handle connections
[30-Oct-2023 17:09:02] NOTICE: Terminating ...
[30-Oct-2023 17:09:02] NOTICE: Terminating ...
[30-Oct-2023 17:09:02] NOTICE: exiting, bye-bye!
[30-Oct-2023 17:29:03] NOTICE: fpm is running, pid 2675
[30-Oct-2023 17:29:03] NOTICE: ready to handle connections
[02-Nov-2023 12:06:53] NOTICE: Terminating ...
[02-Nov-2023 12:06:53] NOTICE: Terminating ...
[02-Nov-2023 12:06:53] NOTICE: exiting, bye-bye!
[02-Nov-2023 12:08:00] NOTICE: fpm is running, pid 961
[02-Nov-2023 12:08:00] NOTICE: ready to handle connections
[03-Apr-2024 12:44:25] NOTICE: fpm is running, pid 3317
[03-Apr-2024 12:44:25] NOTICE: ready to handle connections
[04-Apr-2024 15:03:16] NOTICE: Terminating ...
[04-Apr-2024 15:03:16] NOTICE: Terminating ...
[04-Apr-2024 15:03:16] NOTICE: exiting, bye-bye!
[10-Apr-2024 15:19:15] NOTICE: fpm is running, pid 44775
[10-Apr-2024 15:19:15] NOTICE: ready to handle connections
[17-Apr-2024 10:49:22] NOTICE: Terminating ...
[17-Apr-2024 10:49:22] NOTICE: Terminating ...
[17-Apr-2024 10:49:22] NOTICE: exiting, bye-bye!
[17-Apr-2024 10:54:24] NOTICE: fpm is running, pid 1396
[17-Apr-2024 10:54:24] NOTICE: ready to handle connections
[23-Apr-2024 12:15:28] NOTICE: Terminating ...
[23-Apr-2024 12:15:28] NOTICE: Terminating ...
[23-Apr-2024 12:15:28] NOTICE: exiting, bye-bye!
[06-May-2024 12:48:47] NOTICE: fpm is running, pid 35320
[06-May-2024 12:48:47] NOTICE: ready to handle connections
[12-May-2024 20:07:40] NOTICE: Terminating ...
[12-May-2024 20:07:40] NOTICE: Terminating ...
[12-May-2024 20:07:40] NOTICE: exiting, bye-bye!
